  [1m[35m (98.6ms)[0m  [1m[35mCREATE DATABASE "reddit_app_development" ENCODING = 'unicode'[0m
  ↳ bin/rails:9
  [1m[35m (72.9ms)[0m  [1m[35mCREATE DATABASE "reddit_app_test" ENCODING = 'unicode'[0m
  ↳ bin/rails:9
  [1m[35m (5.1ms)[0m  [1m[35mCREATE TABLE "schema_migrations" ("version" character varying NOT NULL PRIMARY KEY)[0m
  ↳ bin/rails:9
  [1m[35m (3.1ms)[0m  [1m[35mCREATE TABLE "ar_internal_metadata" ("key" character varying NOT NULL PRIMARY KEY, "value" character varying, "created_at" timestamp NOT NULL, "updated_at" timestamp NOT NULL)[0m
  ↳ bin/rails:9
  [1m[35m (0.2ms)[0m  [1m[34mSELECT pg_try_advisory_lock(3324484780821388905)[0m
  ↳ bin/rails:9
  [1m[35m (0.5ms)[0m  [1m[34mSELECT "schema_migrations"."version" FROM "schema_migrations" ORDER BY "schema_migrations"."version" ASC[0m
  ↳ bin/rails:9
Migrating to CreateUsers (20210412150113)
  [1m[35m (0.1ms)[0m  [1m[35mBEGIN[0m
  ↳ bin/rails:9
  [1m[35m (4.1ms)[0m  [1m[35mCREATE TABLE "users" ("id" bigserial primary key, "username" character varying NOT NULL, "password_digest" character varying NOT NULL, "session_token" character varying NOT NULL, "created_at" timestamp NOT NULL, "updated_at" timestamp NOT NULL)[0m
  ↳ db/migrate/20210412150113_create_users.rb:3
  [1m[35m (1.0ms)[0m  [1m[35mCREATE  INDEX  "index_users_on_username" ON "users"  ("username")[0m
  ↳ db/migrate/20210412150113_create_users.rb:9
  [1m[35m (1.0ms)[0m  [1m[35mCREATE  INDEX  "index_users_on_session_token" ON "users"  ("session_token")[0m
  ↳ db/migrate/20210412150113_create_users.rb:10
  [1m[36mActiveRecord::SchemaMigration Create (0.8ms)[0m  [1m[32mINSERT INTO "schema_migrations" ("version") VALUES ($1) RETURNING "version"[0m  [["version", "20210412150113"]]
  ↳ bin/rails:9
  [1m[35m (0.4ms)[0m  [1m[35mCOMMIT[0m
  ↳ bin/rails:9
  [1m[36mActiveRecord::InternalMetadata Load (0.3ms)[0m  [1m[34mSELECT  "ar_internal_metadata".* FROM "ar_internal_metadata" WHERE "ar_internal_metadata"."key" = $1 LIMIT $2[0m  [["key", "environment"], ["LIMIT", 1]]
  ↳ bin/rails:9
  [1m[35m (0.1ms)[0m  [1m[35mBEGIN[0m
  ↳ bin/rails:9
  [1m[36mActiveRecord::InternalMetadata Create (0.3ms)[0m  [1m[32mINSERT INTO "ar_internal_metadata" ("key", "value", "created_at", "updated_at") VALUES ($1, $2, $3, $4) RETURNING "key"[0m  [["key", "environment"], ["value", "development"], ["created_at", "2021-04-12 15:02:29.436457"], ["updated_at", "2021-04-12 15:02:29.436457"]]
  ↳ bin/rails:9
  [1m[35m (0.2ms)[0m  [1m[35mCOMMIT[0m
  ↳ bin/rails:9
  [1m[35m (0.2ms)[0m  [1m[34mSELECT pg_advisory_unlock(3324484780821388905)[0m
  ↳ bin/rails:9
  [1m[35m (0.2ms)[0m  [1m[34mSELECT "schema_migrations"."version" FROM "schema_migrations" ORDER BY "schema_migrations"."version" ASC[0m
  ↳ bin/rails:9
  [1m[35m (0.8ms)[0m  [1m[34mSELECT "schema_migrations"."version" FROM "schema_migrations" ORDER BY "schema_migrations"."version" ASC[0m
  ↳ /Users/evanleon/.rbenv/versions/2.5.1/bin/annotate:23
Started GET "/users/" for ::1 at 2021-04-12 11:46:50 -0400
  [1m[35m (0.7ms)[0m  [1m[34mSELECT "schema_migrations"."version" FROM "schema_migrations" ORDER BY "schema_migrations"."version" ASC[0m
  ↳ /Users/evanleon/.rbenv/versions/2.5.1/lib/ruby/gems/2.5.0/gems/activerecord-5.2.5/lib/active_record/log_subscriber.rb:98
Processing by UsersController#index as HTML
  [1m[36mUser Load (0.5ms)[0m  [1m[34mSELECT  "users".* FROM "users" WHERE "users"."session_token" IS NULL LIMIT $1[0m  [["LIMIT", 1]]
  ↳ app/controllers/application_controller.rb:7
Redirected to http://localhost:3000/session/new
Filter chain halted as :ensure_logged_in rendered or redirected
Completed 302 Found in 13ms (ActiveRecord: 3.0ms)


Started GET "/session/new" for ::1 at 2021-04-12 11:46:50 -0400
Processing by SessionsController#new as HTML
  Rendering sessions/new.html.erb within layouts/application
  Rendered sessions/new.html.erb within layouts/application (0.8ms)
Started GET "/users/new" for ::1 at 2021-04-12 11:46:50 -0400
Completed 200 OK in 232ms (Views: 229.7ms | ActiveRecord: 0.0ms)


Processing by UsersController#new as HTML
  [1m[36mUser Load (0.7ms)[0m  [1m[34mSELECT  "users".* FROM "users" WHERE "users"."session_token" IS NULL LIMIT $1[0m  [["LIMIT", 1]]
  ↳ app/controllers/application_controller.rb:7
Redirected to http://localhost:3000/session/new
Filter chain halted as :ensure_logged_in rendered or redirected
Completed 302 Found in 3ms (ActiveRecord: 0.9ms)


Started GET "/session/new" for ::1 at 2021-04-12 11:46:50 -0400
Processing by SessionsController#new as HTML
  Rendering sessions/new.html.erb within layouts/application
  Rendered sessions/new.html.erb within layouts/application (0.3ms)
Completed 200 OK in 21ms (Views: 17.7ms | ActiveRecord: 0.0ms)


Started GET "/users/new" for ::1 at 2021-04-12 11:47:14 -0400
Processing by UsersController#new as HTML
  [1m[36mUser Load (0.3ms)[0m  [1m[34mSELECT  "users".* FROM "users" WHERE "users"."session_token" IS NULL LIMIT $1[0m  [["LIMIT", 1]]
  ↳ app/controllers/application_controller.rb:7
Redirected to http://localhost:3000/session/new
Filter chain halted as :ensure_logged_in rendered or redirected
Completed 302 Found in 2ms (ActiveRecord: 0.3ms)


Started GET "/session/new" for ::1 at 2021-04-12 11:47:14 -0400
Processing by SessionsController#new as HTML
  Rendering sessions/new.html.erb within layouts/application
  Rendered sessions/new.html.erb within layouts/application (0.2ms)
Completed 200 OK in 20ms (Views: 18.0ms | ActiveRecord: 0.0ms)


Started GET "/users" for ::1 at 2021-04-12 11:48:28 -0400
Processing by UsersController#index as HTML
  [1m[36mUser Load (0.2ms)[0m  [1m[34mSELECT  "users".* FROM "users" WHERE "users"."session_token" IS NULL LIMIT $1[0m  [["LIMIT", 1]]
  ↳ app/controllers/application_controller.rb:7
Redirected to http://localhost:3000/session/new
Filter chain halted as :ensure_logged_in rendered or redirected
Completed 302 Found in 2ms (ActiveRecord: 0.2ms)


Started GET "/session/new" for ::1 at 2021-04-12 11:48:28 -0400
Processing by SessionsController#new as HTML
  Rendering sessions/new.html.erb within layouts/application
  Rendered sessions/new.html.erb within layouts/application (0.2ms)
Completed 200 OK in 20ms (Views: 16.3ms | ActiveRecord: 0.0ms)


Started GET "/session/new" for ::1 at 2021-04-12 11:50:53 -0400
Processing by SessionsController#new as HTML
  Rendering sessions/new.html.erb within layouts/application
  Rendered sessions/new.html.erb within layouts/application (10.4ms)
Completed 500 Internal Server Error in 18ms (ActiveRecord: 0.0ms)



NoMethodError - undefined method `username' for nil:NilClass:
  app/views/sessions/new.html.erb:7:in `_app_views_sessions_new_html_erb___1448870218849390022_70173265430080'

Started POST "/__better_errors/ddbd5198281a5e83/variables" for ::1 at 2021-04-12 11:50:54 -0400
Started GET "/users/new" for ::1 at 2021-04-12 11:51:10 -0400
Processing by UsersController#new as HTML
  [1m[36mUser Load (0.4ms)[0m  [1m[34mSELECT  "users".* FROM "users" WHERE "users"."session_token" IS NULL LIMIT $1[0m  [["LIMIT", 1]]
  ↳ app/controllers/application_controller.rb:7
Redirected to http://localhost:3000/session/new
Filter chain halted as :ensure_logged_in rendered or redirected
Completed 302 Found in 3ms (ActiveRecord: 0.4ms)


Started GET "/session/new" for ::1 at 2021-04-12 11:51:10 -0400
Processing by SessionsController#new as HTML
  Rendering sessions/new.html.erb within layouts/application
  Rendered sessions/new.html.erb within layouts/application (3.3ms)
Completed 500 Internal Server Error in 11ms (ActiveRecord: 0.0ms)



NoMethodError - undefined method `username' for nil:NilClass:
  app/views/sessions/new.html.erb:7:in `_app_views_sessions_new_html_erb___1448870218849390022_70173256365620'

Started POST "/__better_errors/580beb0b8c209fd1/variables" for ::1 at 2021-04-12 11:51:10 -0400
Started POST "/__better_errors/580beb0b8c209fd1/variables" for ::1 at 2021-04-12 11:51:40 -0400
Started POST "/__better_errors/580beb0b8c209fd1/variables" for ::1 at 2021-04-12 11:51:41 -0400
Started GET "/session/new" for ::1 at 2021-04-12 11:51:41 -0400
Processing by SessionsController#new as HTML
  Rendering sessions/new.html.erb within layouts/application
  Rendered sessions/new.html.erb within layouts/application (4.2ms)
Completed 500 Internal Server Error in 13ms (ActiveRecord: 0.0ms)



NoMethodError - undefined method `username' for nil:NilClass:
  app/views/sessions/new.html.erb:7:in `_app_views_sessions_new_html_erb___1448870218849390022_70173190305460'

Started POST "/__better_errors/675d507be1a0115e/variables" for ::1 at 2021-04-12 11:51:42 -0400
Started GET "/users/new" for ::1 at 2021-04-12 11:51:48 -0400
Processing by UsersController#new as HTML
Completed 500 Internal Server Error in 31ms (ActiveRecord: 8.8ms)



NoMethodError - undefined method `generate_session_token' for #<Class:0x00007fa4eeb521c0>
Did you mean?  generate_unique_secure_token:
  app/models/user.rb:47:in `ensure_session_token'
  app/controllers/users_controller.rb:17:in `new'

Started POST "/__better_errors/b9e3a5f41b735c44/variables" for ::1 at 2021-04-12 11:51:48 -0400
Started GET "/users/new" for ::1 at 2021-04-12 11:52:36 -0400
Processing by UsersController#new as HTML
  Rendering users/new.html.erb within layouts/application
  Rendered users/new.html.erb within layouts/application (0.7ms)
Completed 200 OK in 38ms (Views: 23.5ms | ActiveRecord: 5.3ms)


Started POST "/users" for ::1 at 2021-04-12 11:52:42 -0400
Processing by UsersController#create as HTML
  Parameters: {"authenticity_token"=>"SKFpD1Hye4ibvNHlSGxyF6Z2DZ6f9rwB5czV-96PQRjl2Jk5ks_ZmYcWgE2MCdBYaXJ9YiZthpeUhf1JaNVZvw", "user"=>{"username"=>"bob", "password"=>"[FILTERED]"}}
  [1m[35m (0.2ms)[0m  [1m[35mBEGIN[0m
  ↳ app/controllers/users_controller.rb:25
  [1m[36mUser Exists (0.7ms)[0m  [1m[34mSELECT  1 AS one FROM "users" WHERE "users"."username" = $1 LIMIT $2[0m  [["username", "bob"], ["LIMIT", 1]]
  ↳ app/controllers/users_controller.rb:25
  [1m[36mUser Create (1.0ms)[0m  [1m[32mINSERT INTO "users" ("username", "password_digest", "session_token", "created_at", "updated_at") VALUES ($1, $2, $3, $4, $5) RETURNING "id"[0m  [["username", "bob"], ["password_digest", "$2a$12$dV5yR0C2gKk8sQjOWTDCZO2n1IURyNLrqnhVzpC1OpR2ITF7UF3vW"], ["session_token", "u6K3m0-j2ViWNXstEeMnlg"], ["created_at", "2021-04-12 15:52:43.158728"], ["updated_at", "2021-04-12 15:52:43.158728"]]
  ↳ app/controllers/users_controller.rb:25
  [1m[35m (0.3ms)[0m  [1m[35mCOMMIT[0m
  ↳ app/controllers/users_controller.rb:25
  [1m[35m (0.2ms)[0m  [1m[35mBEGIN[0m
  ↳ app/models/user.rb:52
  [1m[36mUser Exists (0.4ms)[0m  [1m[34mSELECT  1 AS one FROM "users" WHERE "users"."username" = $1 AND "users"."id" != $2 LIMIT $3[0m  [["username", "bob"], ["id", 1], ["LIMIT", 1]]
  ↳ app/models/user.rb:52
  [1m[36mUser Update (0.8ms)[0m  [1m[33mUPDATE "users" SET "session_token" = $1, "updated_at" = $2 WHERE "users"."id" = $3[0m  [["session_token", "Z30BPmibINWMOJlsACz0VA"], ["updated_at", "2021-04-12 15:52:43.163710"], ["id", 1]]
  ↳ app/models/user.rb:52
  [1m[35m (0.3ms)[0m  [1m[35mCOMMIT[0m
  ↳ app/models/user.rb:52
  Rendering users/index.html.erb within layouts/application
  Rendered users/index.html.erb within layouts/application (1.2ms)
Completed 500 Internal Server Error in 247ms (ActiveRecord: 3.7ms)



SyntaxError - syntax error, unexpected keyword_ensure, expecting keyword_end
          ensure
          ^~~~~~
/Users/evanleon/aA_classwork/W8D1/reddit_app/app/views/users/index.html.erb:15: syntax error, unexpected end-of-input, expecting keyword_end
          end
             ^:
  app/views/users/index.html.erb:13:in `'
  app/controllers/users_controller.rb:27:in `create'

Started POST "/__better_errors/035de8efde6b0a77/variables" for ::1 at 2021-04-12 11:52:43 -0400
Started POST "/users" for ::1 at 2021-04-12 11:53:03 -0400
Processing by UsersController#create as HTML
  Parameters: {"authenticity_token"=>"SKFpD1Hye4ibvNHlSGxyF6Z2DZ6f9rwB5czV-96PQRjl2Jk5ks_ZmYcWgE2MCdBYaXJ9YiZthpeUhf1JaNVZvw", "user"=>{"username"=>"bob", "password"=>"[FILTERED]"}}
  [1m[35m (0.1ms)[0m  [1m[35mBEGIN[0m
  ↳ app/controllers/users_controller.rb:25
  [1m[36mUser Exists (0.4ms)[0m  [1m[34mSELECT  1 AS one FROM "users" WHERE "users"."username" = $1 LIMIT $2[0m  [["username", "bob"], ["LIMIT", 1]]
  ↳ app/controllers/users_controller.rb:25
  [1m[35m (0.2ms)[0m  [1m[31mROLLBACK[0m
  ↳ app/controllers/users_controller.rb:25
  Rendering users/new.html.erb within layouts/application
  Rendered users/new.html.erb within layouts/application (0.6ms)
Completed 200 OK in 263ms (Views: 17.5ms | ActiveRecord: 0.7ms)


Started POST "/users" for ::1 at 2021-04-12 11:53:05 -0400
Processing by UsersController#create as HTML
  Parameters: {"authenticity_token"=>"2OOfjznW5rFtNDJqM7x4gufoaPPeBAdkzthg0gj7tD51mm-5-utEoHGeY8L32drNKOwYD2efPfK_kUhgvqGsmQ", "user"=>{"username"=>"bob", "password"=>"[FILTERED]"}}
  [1m[35m (0.2ms)[0m  [1m[35mBEGIN[0m
  ↳ app/controllers/users_controller.rb:25
  [1m[36mUser Exists (0.4ms)[0m  [1m[34mSELECT  1 AS one FROM "users" WHERE "users"."username" = $1 LIMIT $2[0m  [["username", "bob"], ["LIMIT", 1]]
  ↳ app/controllers/users_controller.rb:25
  [1m[35m (0.2ms)[0m  [1m[31mROLLBACK[0m
  ↳ app/controllers/users_controller.rb:25
  Rendering users/new.html.erb within layouts/application
  Rendered users/new.html.erb within layouts/application (0.6ms)
Completed 200 OK in 251ms (Views: 20.5ms | ActiveRecord: 0.8ms)


Started POST "/users" for ::1 at 2021-04-12 11:53:08 -0400
Processing by UsersController#create as HTML
  Parameters: {"authenticity_token"=>"rk1ux82nAS8WIgtjLCHQmjyAekS_G7_8JAZzBoWpAk0DNJ7xDpqjPgqIWsvoRHLV84QKuAaAhWpVT1u0M_Ma6g", "user"=>{"username"=>"bob1", "password"=>"[FILTERED]"}}
  [1m[35m (0.2ms)[0m  [1m[35mBEGIN[0m
  ↳ app/controllers/users_controller.rb:25
  [1m[36mUser Exists (0.3ms)[0m  [1m[34mSELECT  1 AS one FROM "users" WHERE "users"."username" = $1 LIMIT $2[0m  [["username", "bob1"], ["LIMIT", 1]]
  ↳ app/controllers/users_controller.rb:25
  [1m[36mUser Create (0.3ms)[0m  [1m[32mINSERT INTO "users" ("username", "password_digest", "session_token", "created_at", "updated_at") VALUES ($1, $2, $3, $4, $5) RETURNING "id"[0m  [["username", "bob1"], ["password_digest", "$2a$12$HqCFzBwSxyNWjcB7fBw2Buk0mUBsoRwJkYuqrppp8Y97nxYUepPGW"], ["session_token", "orGInxIM77NDYGMLkkQIFg"], ["created_at", "2021-04-12 15:53:08.864325"], ["updated_at", "2021-04-12 15:53:08.864325"]]
  ↳ app/controllers/users_controller.rb:25
  [1m[35m (2.0ms)[0m  [1m[35mCOMMIT[0m
  ↳ app/controllers/users_controller.rb:25
  [1m[35m (0.1ms)[0m  [1m[35mBEGIN[0m
  ↳ app/models/user.rb:52
  [1m[36mUser Exists (0.4ms)[0m  [1m[34mSELECT  1 AS one FROM "users" WHERE "users"."username" = $1 AND "users"."id" != $2 LIMIT $3[0m  [["username", "bob1"], ["id", 2], ["LIMIT", 1]]
  ↳ app/models/user.rb:52
  [1m[36mUser Update (0.4ms)[0m  [1m[33mUPDATE "users" SET "session_token" = $1, "updated_at" = $2 WHERE "users"."id" = $3[0m  [["session_token", "BXeHk3Pkq8MMjPVUrsSzqw"], ["updated_at", "2021-04-12 15:53:08.869675"], ["id", 2]]
  ↳ app/models/user.rb:52
  [1m[35m (0.3ms)[0m  [1m[35mCOMMIT[0m
  ↳ app/models/user.rb:52
  Rendering users/index.html.erb within layouts/application
  Rendered users/index.html.erb within layouts/application (5.2ms)
Completed 500 Internal Server Error in 250ms (ActiveRecord: 4.1ms)



NoMethodError - undefined method `empty?' for nil:NilClass:
  app/views/users/index.html.erb:4:in `_app_views_users_index_html_erb___4345779569553968334_70173175617800'
  app/controllers/users_controller.rb:27:in `create'

Started POST "/__better_errors/e72b5fb16d1d0809/variables" for ::1 at 2021-04-12 11:53:08 -0400
Started POST "/users" for ::1 at 2021-04-12 11:53:51 -0400
Processing by UsersController#create as HTML
  Parameters: {"authenticity_token"=>"rk1ux82nAS8WIgtjLCHQmjyAekS_G7_8JAZzBoWpAk0DNJ7xDpqjPgqIWsvoRHLV84QKuAaAhWpVT1u0M_Ma6g", "user"=>{"username"=>"bob1", "password"=>"[FILTERED]"}}
  [1m[35m (0.2ms)[0m  [1m[35mBEGIN[0m
  ↳ app/controllers/users_controller.rb:25
  [1m[36mUser Exists (0.4ms)[0m  [1m[34mSELECT  1 AS one FROM "users" WHERE "users"."username" = $1 LIMIT $2[0m  [["username", "bob1"], ["LIMIT", 1]]
  ↳ app/controllers/users_controller.rb:25
  [1m[35m (0.2ms)[0m  [1m[31mROLLBACK[0m
  ↳ app/controllers/users_controller.rb:25
  Rendering users/new.html.erb within layouts/application
  Rendered users/new.html.erb within layouts/application (0.5ms)
Completed 200 OK in 251ms (Views: 14.9ms | ActiveRecord: 0.7ms)


Started POST "/users" for ::1 at 2021-04-12 11:53:55 -0400
Processing by UsersController#create as HTML
  Parameters: {"authenticity_token"=>"zf5UZW7mB_VgEhocdSQWoIO9uXfIUfAm1jTqaNNUJChgh6RTrdul5Hy4S7SxQbTvTLnJi3HKyrCnfcLaZQ48jw", "user"=>{"username"=>"bob3", "password"=>"[FILTERED]"}}
  [1m[35m (0.2ms)[0m  [1m[35mBEGIN[0m
  ↳ app/controllers/users_controller.rb:25
  [1m[36mUser Exists (0.3ms)[0m  [1m[34mSELECT  1 AS one FROM "users" WHERE "users"."username" = $1 LIMIT $2[0m  [["username", "bob3"], ["LIMIT", 1]]
  ↳ app/controllers/users_controller.rb:25
  [1m[36mUser Create (0.3ms)[0m  [1m[32mINSERT INTO "users" ("username", "password_digest", "session_token", "created_at", "updated_at") VALUES ($1, $2, $3, $4, $5) RETURNING "id"[0m  [["username", "bob3"], ["password_digest", "$2a$12$oLd83dVcG98WsQhZo6PKi.vHziw58iPtWX7.GcvTueKYMPtzBq0/q"], ["session_token", "tSL53Yw_2fuG07jgyr44NA"], ["created_at", "2021-04-12 15:53:55.563422"], ["updated_at", "2021-04-12 15:53:55.563422"]]
  ↳ app/controllers/users_controller.rb:25
  [1m[35m (2.0ms)[0m  [1m[35mCOMMIT[0m
  ↳ app/controllers/users_controller.rb:25
  [1m[35m (0.2ms)[0m  [1m[35mBEGIN[0m
  ↳ app/models/user.rb:52
  [1m[36mUser Exists (0.5ms)[0m  [1m[34mSELECT  1 AS one FROM "users" WHERE "users"."username" = $1 AND "users"."id" != $2 LIMIT $3[0m  [["username", "bob3"], ["id", 3], ["LIMIT", 1]]
  ↳ app/models/user.rb:52
  [1m[36mUser Update (0.4ms)[0m  [1m[33mUPDATE "users" SET "session_token" = $1, "updated_at" = $2 WHERE "users"."id" = $3[0m  [["session_token", "cjBuurW8j_SOXM-7zfEBxw"], ["updated_at", "2021-04-12 15:53:55.569315"], ["id", 3]]
  ↳ app/models/user.rb:52
  [1m[35m (0.3ms)[0m  [1m[35mCOMMIT[0m
  ↳ app/models/user.rb:52
  Rendering users/index.html.erb within layouts/application
  Rendered users/index.html.erb within layouts/application (4.2ms)
Completed 500 Internal Server Error in 246ms (ActiveRecord: 4.2ms)



NoMethodError - undefined method `empty?' for nil:NilClass:
  app/views/users/index.html.erb:4:in `_app_views_users_index_html_erb___4345779569553968334_70173180028540'
  app/controllers/users_controller.rb:27:in `create'

Started POST "/__better_errors/b180115edce9141d/variables" for ::1 at 2021-04-12 11:53:55 -0400
Started POST "/users" for ::1 at 2021-04-12 11:54:10 -0400
Processing by UsersController#create as HTML
  Parameters: {"authenticity_token"=>"zf5UZW7mB_VgEhocdSQWoIO9uXfIUfAm1jTqaNNUJChgh6RTrdul5Hy4S7SxQbTvTLnJi3HKyrCnfcLaZQ48jw", "user"=>{"username"=>"bob3", "password"=>"[FILTERED]"}}
  [1m[35m (0.1ms)[0m  [1m[35mBEGIN[0m
  ↳ app/controllers/users_controller.rb:25
  [1m[36mUser Exists (0.3ms)[0m  [1m[34mSELECT  1 AS one FROM "users" WHERE "users"."username" = $1 LIMIT $2[0m  [["username", "bob3"], ["LIMIT", 1]]
  ↳ app/controllers/users_controller.rb:25
  [1m[35m (0.1ms)[0m  [1m[31mROLLBACK[0m
  ↳ app/controllers/users_controller.rb:25
  Rendering users/new.html.erb within layouts/application
  Rendered users/new.html.erb within layouts/application (0.6ms)
Completed 200 OK in 254ms (Views: 18.4ms | ActiveRecord: 0.6ms)


Started POST "/users" for ::1 at 2021-04-12 11:54:14 -0400
Processing by UsersController#create as HTML
  Parameters: {"authenticity_token"=>"x3lI-JfY-hPUh3VlRJRvThVaaFRXM-zIenTLCaQhhnxqALjOVOVYAsgtJM2A8c0B2l4YqO6o1l4LPeO7Enue2w", "user"=>{"username"=>"bob5", "password"=>"[FILTERED]"}}
  [1m[35m (0.2ms)[0m  [1m[35mBEGIN[0m
  ↳ app/controllers/users_controller.rb:25
  [1m[36mUser Exists (0.3ms)[0m  [1m[34mSELECT  1 AS one FROM "users" WHERE "users"."username" = $1 LIMIT $2[0m  [["username", "bob5"], ["LIMIT", 1]]
  ↳ app/controllers/users_controller.rb:25
  [1m[36mUser Create (0.3ms)[0m  [1m[32mINSERT INTO "users" ("username", "password_digest", "session_token", "created_at", "updated_at") VALUES ($1, $2, $3, $4, $5) RETURNING "id"[0m  [["username", "bob5"], ["password_digest", "$2a$12$75W87hjpnFkDk9BeV9rHdukCbNDSt.DCC9r9mxuK4YLKuDik1/gGq"], ["session_token", "CnT5-3wo1Y0rqrjg-ax3Mw"], ["created_at", "2021-04-12 15:54:14.409403"], ["updated_at", "2021-04-12 15:54:14.409403"]]
  ↳ app/controllers/users_controller.rb:25
  [1m[35m (2.1ms)[0m  [1m[35mCOMMIT[0m
  ↳ app/controllers/users_controller.rb:25
  [1m[35m (0.1ms)[0m  [1m[35mBEGIN[0m
  ↳ app/models/user.rb:52
  [1m[36mUser Exists (0.5ms)[0m  [1m[34mSELECT  1 AS one FROM "users" WHERE "users"."username" = $1 AND "users"."id" != $2 LIMIT $3[0m  [["username", "bob5"], ["id", 4], ["LIMIT", 1]]
  ↳ app/models/user.rb:52
  [1m[36mUser Update (0.5ms)[0m  [1m[33mUPDATE "users" SET "session_token" = $1, "updated_at" = $2 WHERE "users"."id" = $3[0m  [["session_token", "bcx6BLSTq64NawLLTjd36A"], ["updated_at", "2021-04-12 15:54:14.414803"], ["id", 4]]
  ↳ app/models/user.rb:52
  [1m[35m (0.3ms)[0m  [1m[35mCOMMIT[0m
  ↳ app/models/user.rb:52
  Rendering users/index.html.erb within layouts/application
  Rendered users/index.html.erb within layouts/application (3.6ms)
Completed 500 Internal Server Error in 243ms (ActiveRecord: 4.2ms)



NoMethodError - undefined method `each' for nil:NilClass:
  app/views/users/index.html.erb:5:in `_app_views_users_index_html_erb___4345779569553968334_70173191938560'
  app/controllers/users_controller.rb:27:in `create'

Started POST "/__better_errors/a374caf926b51bf2/variables" for ::1 at 2021-04-12 11:54:14 -0400
Started POST "/users" for ::1 at 2021-04-12 11:54:55 -0400
Processing by UsersController#create as HTML
  Parameters: {"authenticity_token"=>"x3lI-JfY-hPUh3VlRJRvThVaaFRXM-zIenTLCaQhhnxqALjOVOVYAsgtJM2A8c0B2l4YqO6o1l4LPeO7Enue2w", "user"=>{"username"=>"bob5", "password"=>"[FILTERED]"}}
  [1m[35m (0.1ms)[0m  [1m[35mBEGIN[0m
  ↳ app/controllers/users_controller.rb:25
  [1m[36mUser Exists (0.3ms)[0m  [1m[34mSELECT  1 AS one FROM "users" WHERE "users"."username" = $1 LIMIT $2[0m  [["username", "bob5"], ["LIMIT", 1]]
  ↳ app/controllers/users_controller.rb:25
  [1m[35m (0.2ms)[0m  [1m[31mROLLBACK[0m
  ↳ app/controllers/users_controller.rb:25
  Rendering users/new.html.erb within layouts/application
  Rendered users/new.html.erb within layouts/application (0.8ms)
Completed 200 OK in 270ms (Views: 23.0ms | ActiveRecord: 5.6ms)


Started POST "/users" for ::1 at 2021-04-12 11:55:01 -0400
Processing by UsersController#create as HTML
  Parameters: {"authenticity_token"=>"yb0hDpxb1Vt5EWaokHtqX0GVDVpYtvORiKXQ4xGKHt9kxNE4X2Z3SmW7NwBUHsgQjpF9puEtyQf57PhRp9AGeA", "user"=>{"username"=>"bob7", "password"=>"[FILTERED]"}}
  [1m[35m (0.2ms)[0m  [1m[35mBEGIN[0m
  ↳ app/controllers/users_controller.rb:25
  [1m[36mUser Exists (0.3ms)[0m  [1m[34mSELECT  1 AS one FROM "users" WHERE "users"."username" = $1 LIMIT $2[0m  [["username", "bob7"], ["LIMIT", 1]]
  ↳ app/controllers/users_controller.rb:25
  [1m[36mUser Create (0.4ms)[0m  [1m[32mINSERT INTO "users" ("username", "password_digest", "session_token", "created_at", "updated_at") VALUES ($1, $2, $3, $4, $5) RETURNING "id"[0m  [["username", "bob7"], ["password_digest", "$2a$12$icO4q9f/YvQ8vG6kWBjnHe90qll4YGSzFRMrI1vktIltsfzB86xpm"], ["session_token", "avCgyA1NGUKMiaH5spEoHQ"], ["created_at", "2021-04-12 15:55:02.107298"], ["updated_at", "2021-04-12 15:55:02.107298"]]
  ↳ app/controllers/users_controller.rb:25
  [1m[35m (1.9ms)[0m  [1m[35mCOMMIT[0m
  ↳ app/controllers/users_controller.rb:25
  [1m[35m (0.1ms)[0m  [1m[35mBEGIN[0m
  ↳ app/models/user.rb:52
  [1m[36mUser Exists (0.4ms)[0m  [1m[34mSELECT  1 AS one FROM "users" WHERE "users"."username" = $1 AND "users"."id" != $2 LIMIT $3[0m  [["username", "bob7"], ["id", 5], ["LIMIT", 1]]
  ↳ app/models/user.rb:52
  [1m[36mUser Update (0.4ms)[0m  [1m[33mUPDATE "users" SET "session_token" = $1, "updated_at" = $2 WHERE "users"."id" = $3[0m  [["session_token", "IFc3nPNr2-zqpcqdYd7E3g"], ["updated_at", "2021-04-12 15:55:02.112255"], ["id", 5]]
  ↳ app/models/user.rb:52
  [1m[35m (0.5ms)[0m  [1m[35mCOMMIT[0m
  ↳ app/models/user.rb:52
  Rendering users/index.html.erb within layouts/application
  Rendered users/index.html.erb within layouts/application (3.0ms)
Completed 500 Internal Server Error in 246ms (ActiveRecord: 4.2ms)



NoMethodError - undefined method `each' for nil:NilClass:
  app/views/users/index.html.erb:5:in `_app_views_users_index_html_erb___4345779569553968334_70173220704540'
  app/controllers/users_controller.rb:27:in `create'

Started POST "/__better_errors/841bac8ac54fffb8/variables" for ::1 at 2021-04-12 11:55:02 -0400
Started POST "/users" for ::1 at 2021-04-12 11:55:59 -0400
Processing by UsersController#create as HTML
  Parameters: {"authenticity_token"=>"yb0hDpxb1Vt5EWaokHtqX0GVDVpYtvORiKXQ4xGKHt9kxNE4X2Z3SmW7NwBUHsgQjpF9puEtyQf57PhRp9AGeA", "user"=>{"username"=>"bob7", "password"=>"[FILTERED]"}}
  [1m[35m (0.2ms)[0m  [1m[35mBEGIN[0m
  ↳ app/controllers/users_controller.rb:25
  [1m[36mUser Exists (0.4ms)[0m  [1m[34mSELECT  1 AS one FROM "users" WHERE "users"."username" = $1 LIMIT $2[0m  [["username", "bob7"], ["LIMIT", 1]]
  ↳ app/controllers/users_controller.rb:25
  [1m[35m (0.2ms)[0m  [1m[31mROLLBACK[0m
  ↳ app/controllers/users_controller.rb:25
  Rendering users/new.html.erb within layouts/application
  Rendered users/new.html.erb within layouts/application (0.5ms)
Completed 200 OK in 261ms (Views: 15.4ms | ActiveRecord: 5.8ms)


Started POST "/users" for ::1 at 2021-04-12 11:56:02 -0400
Processing by UsersController#create as HTML
  Parameters: {"authenticity_token"=>"AJmHCEIpOy2x32YVOOWcLWfxcnT358-LU3my0zmkOFKt4Hc-gRSZPK11N738gD5iqPUCiE589R0iMJphj_4g9Q", "user"=>{"username"=>"bob12", "password"=>"[FILTERED]"}}
  [1m[35m (0.1ms)[0m  [1m[35mBEGIN[0m
  ↳ app/controllers/users_controller.rb:25
  [1m[36mUser Exists (0.3ms)[0m  [1m[34mSELECT  1 AS one FROM "users" WHERE "users"."username" = $1 LIMIT $2[0m  [["username", "bob12"], ["LIMIT", 1]]
  ↳ app/controllers/users_controller.rb:25
  [1m[36mUser Create (0.3ms)[0m  [1m[32mINSERT INTO "users" ("username", "password_digest", "session_token", "created_at", "updated_at") VALUES ($1, $2, $3, $4, $5) RETURNING "id"[0m  [["username", "bob12"], ["password_digest", "$2a$12$9S04DCbdRwhEDzMRPFuAYur7qGwvbdbA0DZiFSJh6zwQDhA2qdYAm"], ["session_token", "7JeLF3EKxjxKeyB_FlEuUw"], ["created_at", "2021-04-12 15:56:02.998121"], ["updated_at", "2021-04-12 15:56:02.998121"]]
  ↳ app/controllers/users_controller.rb:25
  [1m[35m (2.0ms)[0m  [1m[35mCOMMIT[0m
  ↳ app/controllers/users_controller.rb:25
  Rendering users/index.html.erb within layouts/application
  Rendered users/index.html.erb within layouts/application (3.5ms)
Completed 500 Internal Server Error in 243ms (ActiveRecord: 2.8ms)



NoMethodError - undefined method `each' for nil:NilClass:
  app/views/users/index.html.erb:5:in `_app_views_users_index_html_erb___4345779569553968334_70173179751160'
  app/controllers/users_controller.rb:27:in `create'

Started POST "/__better_errors/8a69155b89bfb522/variables" for ::1 at 2021-04-12 11:56:03 -0400
Started GET "/users" for ::1 at 2021-04-12 11:57:06 -0400
Processing by UsersController#index as HTML
  Rendering users/index.html.erb within layouts/application
  [1m[36mUser Load (0.4ms)[0m  [1m[34mSELECT "users".* FROM "users"[0m
  ↳ app/views/users/index.html.erb:5
  Rendered users/index.html.erb within layouts/application (12.6ms)
Completed 200 OK in 32ms (Views: 24.4ms | ActiveRecord: 5.3ms)


Started GET "/users/2" for ::1 at 2021-04-12 11:57:10 -0400
Processing by UsersController#show as HTML
  Parameters: {"id"=>"2"}
  [1m[36mUser Load (0.4ms)[0m  [1m[34mSELECT  "users".* FROM "users" WHERE "users"."id" = $1 LIMIT $2[0m  [["id", 2], ["LIMIT", 1]]
  ↳ app/controllers/users_controller.rb:11
  Rendering users/show.html.erb within layouts/application
  Rendered users/show.html.erb within layouts/application (0.3ms)
Completed 200 OK in 24ms (Views: 21.4ms | ActiveRecord: 0.4ms)


Started GET "/users/new" for ::1 at 2021-04-12 11:57:15 -0400
Processing by UsersController#new as HTML
  Rendering users/new.html.erb within layouts/application
  Rendered users/new.html.erb within layouts/application (0.7ms)
Completed 200 OK in 19ms (Views: 18.5ms | ActiveRecord: 0.0ms)


Started POST "/users" for ::1 at 2021-04-12 11:57:26 -0400
Processing by UsersController#create as HTML
  Parameters: {"authenticity_token"=>"mvK9rkghn1_ac-BYkVgxoTFeqvos4yHTHebH3YjaZwQ3i02Yixw9TsbZsfBVPZPu_lraBpV4G0Vsr-9vPoB_ow", "user"=>{"username"=>"chet", "password"=>"[FILTERED]"}}
  [1m[35m (0.1ms)[0m  [1m[35mBEGIN[0m
  ↳ app/controllers/users_controller.rb:25
  [1m[36mUser Exists (0.3ms)[0m  [1m[34mSELECT  1 AS one FROM "users" WHERE "users"."username" = $1 LIMIT $2[0m  [["username", "chet"], ["LIMIT", 1]]
  ↳ app/controllers/users_controller.rb:25
  [1m[36mUser Create (0.3ms)[0m  [1m[32mINSERT INTO "users" ("username", "password_digest", "session_token", "created_at", "updated_at") VALUES ($1, $2, $3, $4, $5) RETURNING "id"[0m  [["username", "chet"], ["password_digest", "$2a$12$lll/e0KsiQEtFZ64ggmcNOWvIU.khS.VUh2dbyEfIwKvLwdYX31uS"], ["session_token", "zgC-NWykfhgPLpW9V0wLvQ"], ["created_at", "2021-04-12 15:57:26.848381"], ["updated_at", "2021-04-12 15:57:26.848381"]]
  ↳ app/controllers/users_controller.rb:25
  [1m[35m (2.0ms)[0m  [1m[35mCOMMIT[0m
  ↳ app/controllers/users_controller.rb:25
  Rendering users/index.html.erb within layouts/application
  Rendered users/index.html.erb within layouts/application (0.4ms)
Completed 200 OK in 248ms (Views: 15.7ms | ActiveRecord: 2.7ms)


Started GET "/users" for ::1 at 2021-04-12 11:58:06 -0400
Processing by UsersController#index as HTML
  Rendering users/index.html.erb within layouts/application
  [1m[36mUser Load (0.3ms)[0m  [1m[34mSELECT "users".* FROM "users"[0m
  ↳ app/views/users/index.html.erb:5
  Rendered users/index.html.erb within layouts/application (10.7ms)
Completed 200 OK in 37ms (Views: 29.3ms | ActiveRecord: 4.9ms)


Started POST "/users" for ::1 at 2021-04-12 11:58:16 -0400
Processing by UsersController#create as HTML
  Parameters: {"authenticity_token"=>"mvK9rkghn1_ac-BYkVgxoTFeqvos4yHTHebH3YjaZwQ3i02Yixw9TsbZsfBVPZPu_lraBpV4G0Vsr-9vPoB_ow", "user"=>{"username"=>"chet12", "password"=>"[FILTERED]"}}
  [1m[35m (0.1ms)[0m  [1m[35mBEGIN[0m
  ↳ app/controllers/users_controller.rb:25
  [1m[36mUser Exists (0.3ms)[0m  [1m[34mSELECT  1 AS one FROM "users" WHERE "users"."username" = $1 LIMIT $2[0m  [["username", "chet12"], ["LIMIT", 1]]
  ↳ app/controllers/users_controller.rb:25
  [1m[36mUser Create (0.5ms)[0m  [1m[32mINSERT INTO "users" ("username", "password_digest", "session_token", "created_at", "updated_at") VALUES ($1, $2, $3, $4, $5) RETURNING "id"[0m  [["username", "chet12"], ["password_digest", "$2a$12$6NwWJ1a6gi8g7eVx4XUdfeheDehW4dCJDzWIZsh4nfQ9cQfxPW9gi"], ["session_token", "VxAZzffpAVuv0rndPUHC-g"], ["created_at", "2021-04-12 15:58:16.775880"], ["updated_at", "2021-04-12 15:58:16.775880"]]
  ↳ app/controllers/users_controller.rb:25
  [1m[35m (0.3ms)[0m  [1m[35mCOMMIT[0m
  ↳ app/controllers/users_controller.rb:25
  Rendering users/index.html.erb within layouts/application
  Rendered users/index.html.erb within layouts/application (0.5ms)
Completed 200 OK in 250ms (Views: 18.0ms | ActiveRecord: 1.3ms)


  [1m[35m (0.2ms)[0m  [1m[35mBEGIN[0m
  [1m[36mUser Exists (1.1ms)[0m  [1m[34mSELECT  1 AS one FROM "users" WHERE "users"."username" = $1 LIMIT $2[0m  [["username", "Chet45"], ["LIMIT", 1]]
  [1m[36mUser Create (0.6ms)[0m  [1m[32mINSERT INTO "users" ("username", "password_digest", "session_token", "created_at", "updated_at") VALUES ($1, $2, $3, $4, $5) RETURNING "id"[0m  [["username", "Chet45"], ["password_digest", "$2a$12$orrcY96LG5LomTsLzzW/Ae/WRP2SO2gqU/T4tTftY50ta6UOU/.46"], ["session_token", "EoenIPu-wbbw0C0fc5FT_w"], ["created_at", "2021-04-12 15:59:36.519920"], ["updated_at", "2021-04-12 15:59:36.519920"]]
  [1m[35m (2.0ms)[0m  [1m[35mCOMMIT[0m
  [1m[36mUser Load (0.4ms)[0m  [1m[34mSELECT  "users".* FROM "users" ORDER BY "users"."id" DESC LIMIT $1[0m  [["LIMIT", 1]]
Started GET "/users" for ::1 at 2021-04-12 12:00:17 -0400
Processing by UsersController#index as HTML
  Rendering users/index.html.erb within layouts/application
  [1m[36mUser Load (0.4ms)[0m  [1m[34mSELECT "users".* FROM "users"[0m
  ↳ app/views/users/index.html.erb:5
  Rendered users/index.html.erb within layouts/application (12.1ms)
Completed 200 OK in 30ms (Views: 21.3ms | ActiveRecord: 5.7ms)


Started GET "/users/new" for ::1 at 2021-04-12 12:01:18 -0400
Processing by UsersController#new as HTML
  Rendering users/new.html.erb within layouts/application
  Rendered users/new.html.erb within layouts/application (0.6ms)
Completed 200 OK in 19ms (Views: 18.0ms | ActiveRecord: 0.0ms)


Started POST "/users" for ::1 at 2021-04-12 12:01:54 -0400
Processing by UsersController#create as HTML
  Parameters: {"authenticity_token"=>"ny4Azdiz_eBpun2tJq_i8st0etYnmOJt4dc699bruB0yV_D7G45f8XUQLAXiykC9BHAKKp4D2PuQnhJFYLGgug", "user"=>{"username"=>"phyllis", "password"=>"[FILTERED]"}}
  [1m[35m (0.2ms)[0m  [1m[35mBEGIN[0m
  ↳ app/controllers/users_controller.rb:25
  [1m[36mUser Exists (0.3ms)[0m  [1m[34mSELECT  1 AS one FROM "users" WHERE "users"."username" = $1 LIMIT $2[0m  [["username", "phyllis"], ["LIMIT", 1]]
  ↳ app/controllers/users_controller.rb:25
  [1m[36mUser Create (0.3ms)[0m  [1m[32mINSERT INTO "users" ("username", "password_digest", "session_token", "created_at", "updated_at") VALUES ($1, $2, $3, $4, $5) RETURNING "id"[0m  [["username", "phyllis"], ["password_digest", "$2a$12$9qacnbvOqHFpFmAw2OC4UeSYuY3ezMlQWxbM4Bewc0npziw9psZcK"], ["session_token", "CFvyFr80noiFpcEFO2Lq0A"], ["created_at", "2021-04-12 16:01:54.338184"], ["updated_at", "2021-04-12 16:01:54.338184"]]
  ↳ app/controllers/users_controller.rb:25
  [1m[35m (1.9ms)[0m  [1m[35mCOMMIT[0m
  ↳ app/controllers/users_controller.rb:25
  Rendering users/index.html.erb within layouts/application
  Rendered users/index.html.erb within layouts/application (0.4ms)
Completed 200 OK in 257ms (Views: 16.5ms | ActiveRecord: 2.7ms)


Started POST "/users" for ::1 at 2021-04-12 12:04:31 -0400
Processing by UsersController#create as HTML
  Parameters: {"authenticity_token"=>"ny4Azdiz_eBpun2tJq_i8st0etYnmOJt4dc699bruB0yV_D7G45f8XUQLAXiykC9BHAKKp4D2PuQnhJFYLGgug", "user"=>{"username"=>"phyllis69", "password"=>"[FILTERED]"}}
  [1m[35m (0.1ms)[0m  [1m[35mBEGIN[0m
  ↳ app/controllers/users_controller.rb:25
  [1m[36mUser Exists (0.4ms)[0m  [1m[34mSELECT  1 AS one FROM "users" WHERE "users"."username" = $1 LIMIT $2[0m  [["username", "phyllis69"], ["LIMIT", 1]]
  ↳ app/controllers/users_controller.rb:25
  [1m[36mUser Create (0.3ms)[0m  [1m[32mINSERT INTO "users" ("username", "password_digest", "session_token", "created_at", "updated_at") VALUES ($1, $2, $3, $4, $5) RETURNING "id"[0m  [["username", "phyllis69"], ["password_digest", "$2a$12$DImGy88Ggkqa8v5cikCkk.kNPBFZ8L99Xw3ITPiGshd7zZnrOJ0eG"], ["session_token", "B2oAsI5E3aShKmD1slOLgw"], ["created_at", "2021-04-12 16:04:32.223362"], ["updated_at", "2021-04-12 16:04:32.223362"]]
  ↳ app/controllers/users_controller.rb:25
  [1m[35m (1.9ms)[0m  [1m[35mCOMMIT[0m
  ↳ app/controllers/users_controller.rb:25
Redirected to http://localhost:3000/users
Completed 302 Found in 252ms (ActiveRecord: 7.4ms)


Started GET "/users" for ::1 at 2021-04-12 12:04:32 -0400
Processing by UsersController#index as HTML
  Rendering users/index.html.erb within layouts/application
  [1m[36mUser Load (0.2ms)[0m  [1m[34mSELECT "users".* FROM "users"[0m
  ↳ app/views/users/index.html.erb:5
  Rendered users/index.html.erb within layouts/application (2.0ms)
Completed 200 OK in 20ms (Views: 19.6ms | ActiveRecord: 0.2ms)


Started GET "/users/11" for ::1 at 2021-04-12 12:04:36 -0400
Processing by UsersController#show as HTML
  Parameters: {"id"=>"11"}
  [1m[36mUser Load (0.5ms)[0m  [1m[34mSELECT  "users".* FROM "users" WHERE "users"."id" = $1 LIMIT $2[0m  [["id", 11], ["LIMIT", 1]]
  ↳ app/controllers/users_controller.rb:11
  Rendering users/show.html.erb within layouts/application
  Rendered users/show.html.erb within layouts/application (0.4ms)
Completed 200 OK in 22ms (Views: 19.0ms | ActiveRecord: 0.5ms)


Started GET "/users/11" for ::1 at 2021-04-12 13:31:51 -0400
Processing by UsersController#show as HTML
  Parameters: {"id"=>"11"}
  [1m[36mUser Load (0.5ms)[0m  [1m[34mSELECT  "users".* FROM "users" WHERE "users"."id" = $1 LIMIT $2[0m  [["id", 11], ["LIMIT", 1]]
  ↳ app/controllers/users_controller.rb:11
  Rendering users/show.html.erb within layouts/application
  Rendered users/show.html.erb within layouts/application (0.5ms)
Completed 500 Internal Server Error in 10ms (ActiveRecord: 0.7ms)



SyntaxError - syntax error, unexpected keyword_ensure, expecting keyword_end
          ensure
          ^~~~~~
/Users/evanleon/aA_classwork/W8D1/reddit_app/app/views/layouts/application.html.erb:38: syntax error, unexpected end-of-input, expecting keyword_end
          end
             ^:
  app/views/layouts/application.html.erb:36:in `'
  app/controllers/users_controller.rb:13:in `show'

Started POST "/__better_errors/37fcb0ebe7137149/variables" for ::1 at 2021-04-12 13:31:51 -0400
Started GET "/users/11" for ::1 at 2021-04-12 13:32:02 -0400
Processing by UsersController#show as HTML
  Parameters: {"id"=>"11"}
  [1m[36mUser Load (0.5ms)[0m  [1m[34mSELECT  "users".* FROM "users" WHERE "users"."id" = $1 LIMIT $2[0m  [["id", 11], ["LIMIT", 1]]
  ↳ app/controllers/users_controller.rb:11
  Rendering users/show.html.erb within layouts/application
  Rendered users/show.html.erb within layouts/application (0.3ms)
  [1m[36mUser Load (0.4ms)[0m  [1m[34mSELECT  "users".* FROM "users" WHERE "users"."session_token" = $1 LIMIT $2[0m  [["session_token", "B2oAsI5E3aShKmD1slOLgw"], ["LIMIT", 1]]
  ↳ app/controllers/application_controller.rb:7
Completed 200 OK in 28ms (Views: 25.3ms | ActiveRecord: 0.8ms)


Started DELETE "/users/session_url" for ::1 at 2021-04-12 13:32:04 -0400

AbstractController::ActionNotFound - The action 'destroy' could not be found for UsersController:

Started POST "/__better_errors/1cf9337e579b8750/variables" for ::1 at 2021-04-12 13:32:04 -0400
Started GET "/users/11" for ::1 at 2021-04-12 13:34:39 -0400
Processing by UsersController#show as HTML
  Parameters: {"id"=>"11"}
  [1m[36mUser Load (0.4ms)[0m  [1m[34mSELECT  "users".* FROM "users" WHERE "users"."id" = $1 LIMIT $2[0m  [["id", 11], ["LIMIT", 1]]
  ↳ app/controllers/users_controller.rb:11
  Rendering users/show.html.erb within layouts/application
  Rendered users/show.html.erb within layouts/application (0.3ms)
  [1m[36mUser Load (0.4ms)[0m  [1m[34mSELECT  "users".* FROM "users" WHERE "users"."session_token" = $1 LIMIT $2[0m  [["session_token", "B2oAsI5E3aShKmD1slOLgw"], ["LIMIT", 1]]
  ↳ app/controllers/application_controller.rb:7
Completed 200 OK in 37ms (Views: 19.0ms | ActiveRecord: 8.2ms)


Started GET "/users/11" for ::1 at 2021-04-12 13:34:40 -0400
Processing by UsersController#show as HTML
  Parameters: {"id"=>"11"}
  [1m[36mUser Load (0.3ms)[0m  [1m[34mSELECT  "users".* FROM "users" WHERE "users"."id" = $1 LIMIT $2[0m  [["id", 11], ["LIMIT", 1]]
  ↳ app/controllers/users_controller.rb:11
  Rendering users/show.html.erb within layouts/application
  Rendered users/show.html.erb within layouts/application (0.3ms)
  [1m[36mUser Load (0.5ms)[0m  [1m[34mSELECT  "users".* FROM "users" WHERE "users"."session_token" = $1 LIMIT $2[0m  [["session_token", "B2oAsI5E3aShKmD1slOLgw"], ["LIMIT", 1]]
  ↳ app/controllers/application_controller.rb:7
Completed 200 OK in 20ms (Views: 18.1ms | ActiveRecord: 0.7ms)


Started DELETE "/users/session_url" for ::1 at 2021-04-12 13:34:41 -0400

AbstractController::ActionNotFound - The action 'destroy' could not be found for UsersController:

Started POST "/__better_errors/9552197b15bb2525/variables" for ::1 at 2021-04-12 13:34:41 -0400
Started DELETE "/users/session_url" for ::1 at 2021-04-12 13:35:10 -0400

AbstractController::ActionNotFound - The action 'destroy' could not be found for UsersController:

Started POST "/__better_errors/4e8f11dc71ec0e82/variables" for ::1 at 2021-04-12 13:35:10 -0400
Started GET "/users/11" for ::1 at 2021-04-12 13:35:13 -0400
Processing by UsersController#show as HTML
  Parameters: {"id"=>"11"}
  [1m[36mUser Load (0.5ms)[0m  [1m[34mSELECT  "users".* FROM "users" WHERE "users"."id" = $1 LIMIT $2[0m  [["id", 11], ["LIMIT", 1]]
  ↳ app/controllers/users_controller.rb:11
  Rendering users/show.html.erb within layouts/application
  Rendered users/show.html.erb within layouts/application (0.4ms)
  [1m[36mUser Load (0.4ms)[0m  [1m[34mSELECT  "users".* FROM "users" WHERE "users"."session_token" = $1 LIMIT $2[0m  [["session_token", "B2oAsI5E3aShKmD1slOLgw"], ["LIMIT", 1]]
  ↳ app/controllers/application_controller.rb:7
Completed 200 OK in 23ms (Views: 20.7ms | ActiveRecord: 0.9ms)


Started DELETE "/session" for ::1 at 2021-04-12 13:35:15 -0400
Processing by SessionsController#destroy as HTML
  Parameters: {"authenticity_token"=>"b0SZjh0zihP019BjpNl4kBTb0UtAkbmO7dAHljrpIWnCPWm43g4oAuh9gctgvNrf29-ht_kKgxicmS8kjLM5zg"}
  [1m[36mUser Load (0.4ms)[0m  [1m[34mSELECT  "users".* FROM "users" WHERE "users"."session_token" = $1 LIMIT $2[0m  [["session_token", "B2oAsI5E3aShKmD1slOLgw"], ["LIMIT", 1]]
  ↳ app/controllers/application_controller.rb:7
Completed 500 Internal Server Error in 11ms (ActiveRecord: 0.4ms)



NoMethodError - undefined method `rest_session_token!' for #<User:0x00007fa4f036e420>
Did you mean?  reset_session_token!
               restore_session_token!:
  app/controllers/application_controller.rb:24:in `logout!'
  app/controllers/sessions_controller.rb:18:in `destroy'

Started POST "/__better_errors/2e2c319d2fbff115/variables" for ::1 at 2021-04-12 13:35:15 -0400
Started GET "/users/11" for ::1 at 2021-04-12 13:35:40 -0400
Processing by UsersController#show as HTML
  Parameters: {"id"=>"11"}
  [1m[36mUser Load (0.3ms)[0m  [1m[34mSELECT  "users".* FROM "users" WHERE "users"."id" = $1 LIMIT $2[0m  [["id", 11], ["LIMIT", 1]]
  ↳ app/controllers/users_controller.rb:11
  Rendering users/show.html.erb within layouts/application
  Rendered users/show.html.erb within layouts/application (0.4ms)
  [1m[36mUser Load (0.6ms)[0m  [1m[34mSELECT  "users".* FROM "users" WHERE "users"."session_token" = $1 LIMIT $2[0m  [["session_token", "B2oAsI5E3aShKmD1slOLgw"], ["LIMIT", 1]]
  ↳ app/controllers/application_controller.rb:7
Completed 200 OK in 33ms (Views: 19.1ms | ActiveRecord: 5.5ms)


Started DELETE "/session" for ::1 at 2021-04-12 13:35:41 -0400
Processing by SessionsController#destroy as HTML
  Parameters: {"authenticity_token"=>"6bW6x7AQkMPCfOmGoALNrHl2tFvJyajgS2ZpDDt2vbZEzErxcy0y0t7WuC5kZ2_jtnLEp3BSknY6L0G-jSylEQ"}
  [1m[36mUser Load (0.2ms)[0m  [1m[34mSELECT  "users".* FROM "users" WHERE "users"."session_token" = $1 LIMIT $2[0m  [["session_token", "B2oAsI5E3aShKmD1slOLgw"], ["LIMIT", 1]]
  ↳ app/controllers/application_controller.rb:7
  [1m[35m (0.1ms)[0m  [1m[35mBEGIN[0m
  ↳ app/models/user.rb:52
  [1m[36mUser Exists (0.4ms)[0m  [1m[34mSELECT  1 AS one FROM "users" WHERE "users"."username" = $1 AND "users"."id" != $2 LIMIT $3[0m  [["username", "phyllis69"], ["id", 11], ["LIMIT", 1]]
  ↳ app/models/user.rb:52
  [1m[36mUser Update (0.8ms)[0m  [1m[33mUPDATE "users" SET "session_token" = $1, "updated_at" = $2 WHERE "users"."id" = $3[0m  [["session_token", "9MKJjV0pP2gkJOyQCe0kgw"], ["updated_at", "2021-04-12 17:35:41.529770"], ["id", 11]]
  ↳ app/models/user.rb:52
  [1m[35m (0.8ms)[0m  [1m[35mCOMMIT[0m
  ↳ app/models/user.rb:52
Redirected to http://localhost:3000/session/new
Completed 302 Found in 7ms (ActiveRecord: 2.4ms)


Started GET "/session/new" for ::1 at 2021-04-12 13:35:41 -0400
Processing by SessionsController#new as HTML
  Rendering sessions/new.html.erb within layouts/application
  Rendered sessions/new.html.erb within layouts/application (0.5ms)
  [1m[36mUser Load (0.3ms)[0m  [1m[34mSELECT  "users".* FROM "users" WHERE "users"."session_token" IS NULL LIMIT $1[0m  [["LIMIT", 1]]
  ↳ app/controllers/application_controller.rb:7
Completed 200 OK in 20ms (Views: 17.1ms | ActiveRecord: 0.3ms)


Started POST "/session" for ::1 at 2021-04-12 13:35:49 -0400
Processing by SessionsController#create as HTML
  Parameters: {"authenticity_token"=>"Jb6S45BUv_l7GMEMR74jFNNKZU4gFXHa7NNHi5RgFB-Ix2LVU2kd6GeykKSD24FbHE4VspmOS0ydmm85IjoMuA", "user"=>{"username"=>"bob", "password"=>"[FILTERED]"}}
  [1m[36mUser Load (0.5ms)[0m  [1m[34mSELECT  "users".* FROM "users" WHERE "users"."username" = $1 LIMIT $2[0m  [["username", "bob"], ["LIMIT", 1]]
  ↳ app/models/user.rb:22
  Rendering sessions/new.html.erb within layouts/application
  Rendered sessions/new.html.erb within layouts/application (0.5ms)
  [1m[36mUser Load (0.4ms)[0m  [1m[34mSELECT  "users".* FROM "users" WHERE "users"."session_token" IS NULL LIMIT $1[0m  [["LIMIT", 1]]
  ↳ app/controllers/application_controller.rb:7
Completed 200 OK in 248ms (Views: 17.5ms | ActiveRecord: 0.9ms)


Started POST "/session" for ::1 at 2021-04-12 13:35:56 -0400
Processing by SessionsController#create as HTML
  Parameters: {"authenticity_token"=>"-3fPiFlg8tJI6meNdIw1Jjms0GLvrtLvGxBRXNilMGZWDj--ml1Qw1RANiWw6Zdp9qignlY16HlqWXnubv8owQ", "user"=>{"username"=>"bob1", "password"=>"[FILTERED]"}}
  [1m[36mUser Load (0.4ms)[0m  [1m[34mSELECT  "users".* FROM "users" WHERE "users"."username" = $1 LIMIT $2[0m  [["username", "bob1"], ["LIMIT", 1]]
  ↳ app/models/user.rb:22
  Rendering sessions/new.html.erb within layouts/application
  Rendered sessions/new.html.erb within layouts/application (0.6ms)
  [1m[36mUser Load (0.3ms)[0m  [1m[34mSELECT  "users".* FROM "users" WHERE "users"."session_token" IS NULL LIMIT $1[0m  [["LIMIT", 1]]
  ↳ app/controllers/application_controller.rb:7
Completed 200 OK in 247ms (Views: 17.0ms | ActiveRecord: 0.7ms)


Started GET "/session" for ::1 at 2021-04-12 13:36:11 -0400

AbstractController::ActionNotFound - The action 'show' could not be found for SessionsController:

Started POST "/__better_errors/17b42c6596f339ee/variables" for ::1 at 2021-04-12 13:36:11 -0400
Started GET "/users/new" for ::1 at 2021-04-12 13:36:18 -0400
Processing by UsersController#new as HTML
  Rendering users/new.html.erb within layouts/application
  Rendered users/new.html.erb within layouts/application (1.1ms)
  [1m[36mUser Load (0.4ms)[0m  [1m[34mSELECT  "users".* FROM "users" WHERE "users"."session_token" IS NULL LIMIT $1[0m  [["LIMIT", 1]]
  ↳ app/controllers/application_controller.rb:7
Completed 200 OK in 20ms (Views: 18.7ms | ActiveRecord: 0.4ms)


Started POST "/users" for ::1 at 2021-04-12 13:36:26 -0400
Processing by UsersController#create as HTML
  Parameters: {"authenticity_token"=>"L6X33Vbkf-TclWfK_khhuWeNmcXLOPihyHCokh7HMbaC3Afrldnd9cA_NmI6LcP2qInpOXKjwje5OYAgqJ0pEQ", "user"=>{"username"=>"bob123", "password"=>"[FILTERED]"}}
  [1m[35m (0.2ms)[0m  [1m[35mBEGIN[0m
  ↳ app/controllers/users_controller.rb:25
  [1m[36mUser Exists (0.4ms)[0m  [1m[34mSELECT  1 AS one FROM "users" WHERE "users"."username" = $1 LIMIT $2[0m  [["username", "bob123"], ["LIMIT", 1]]
  ↳ app/controllers/users_controller.rb:25
  [1m[36mUser Create (0.5ms)[0m  [1m[32mINSERT INTO "users" ("username", "password_digest", "session_token", "created_at", "updated_at") VALUES ($1, $2, $3, $4, $5) RETURNING "id"[0m  [["username", "bob123"], ["password_digest", "$2a$12$6yVOG51HX.O8/psQQHqZ8OmAcRFo5skfFJv56wq7iS/BTOFcbIC6m"], ["session_token", "ksEGYbUMpK7s5MDKWzrXIA"], ["created_at", "2021-04-12 17:36:26.241689"], ["updated_at", "2021-04-12 17:36:26.241689"]]
  ↳ app/controllers/users_controller.rb:25
  [1m[35m (2.1ms)[0m  [1m[35mCOMMIT[0m
  ↳ app/controllers/users_controller.rb:25
Redirected to http://localhost:3000/users
Completed 302 Found in 234ms (ActiveRecord: 3.0ms)


Started GET "/users" for ::1 at 2021-04-12 13:36:26 -0400
Processing by UsersController#index as HTML
  Rendering users/index.html.erb within layouts/application
  [1m[36mUser Load (0.3ms)[0m  [1m[34mSELECT "users".* FROM "users"[0m
  ↳ app/views/users/index.html.erb:5
  Rendered users/index.html.erb within layouts/application (2.3ms)
  [1m[36mUser Load (0.2ms)[0m  [1m[34mSELECT  "users".* FROM "users" WHERE "users"."session_token" = $1 LIMIT $2[0m  [["session_token", "ksEGYbUMpK7s5MDKWzrXIA"], ["LIMIT", 1]]
  ↳ app/controllers/application_controller.rb:7
Completed 200 OK in 27ms (Views: 25.9ms | ActiveRecord: 0.5ms)


Started DELETE "/session" for ::1 at 2021-04-12 13:36:31 -0400
Processing by SessionsController#destroy as HTML
  Parameters: {"authenticity_token"=>"JbtuAZxdj_HLEr06dfwGBHKrVCH7n0-17LJSLo8UlYuIwp43X2At4Ne47JKxmaRLva8k3UIEdSOd-3qcOU6NLA"}
  [1m[36mUser Load (0.3ms)[0m  [1m[34mSELECT  "users".* FROM "users" WHERE "users"."session_token" = $1 LIMIT $2[0m  [["session_token", "ksEGYbUMpK7s5MDKWzrXIA"], ["LIMIT", 1]]
  ↳ app/controllers/application_controller.rb:7
  [1m[35m (0.1ms)[0m  [1m[35mBEGIN[0m
  ↳ app/models/user.rb:52
  [1m[36mUser Exists (0.5ms)[0m  [1m[34mSELECT  1 AS one FROM "users" WHERE "users"."username" = $1 AND "users"."id" != $2 LIMIT $3[0m  [["username", "bob123"], ["id", 12], ["LIMIT", 1]]
  ↳ app/models/user.rb:52
  [1m[36mUser Update (0.5ms)[0m  [1m[33mUPDATE "users" SET "session_token" = $1, "updated_at" = $2 WHERE "users"."id" = $3[0m  [["session_token", "xvfSyd2WjBodQp3BCLtDdg"], ["updated_at", "2021-04-12 17:36:31.962543"], ["id", 12]]
  ↳ app/models/user.rb:52
  [1m[35m (0.4ms)[0m  [1m[35mCOMMIT[0m
  ↳ app/models/user.rb:52
Redirected to http://localhost:3000/session/new
Completed 302 Found in 6ms (ActiveRecord: 1.8ms)


Started GET "/session/new" for ::1 at 2021-04-12 13:36:31 -0400
Processing by SessionsController#new as HTML
  Rendering sessions/new.html.erb within layouts/application
  Rendered sessions/new.html.erb within layouts/application (1.1ms)
  [1m[36mUser Load (0.3ms)[0m  [1m[34mSELECT  "users".* FROM "users" WHERE "users"."session_token" IS NULL LIMIT $1[0m  [["LIMIT", 1]]
  ↳ app/controllers/application_controller.rb:7
Completed 200 OK in 21ms (Views: 18.4ms | ActiveRecord: 0.3ms)


Started POST "/session" for ::1 at 2021-04-12 13:36:39 -0400
Processing by SessionsController#create as HTML
  Parameters: {"authenticity_token"=>"FDA8AsBEAgKsw3LQ20SLbF26Y59xebX1Dd_QIDMb-v65Scw0A3mgE7BpI3gfISkjkr4TY8jij2N8lviShUHiWQ", "user"=>{"username"=>"bob123", "password"=>"[FILTERED]"}}
  [1m[36mUser Load (0.3ms)[0m  [1m[34mSELECT  "users".* FROM "users" WHERE "users"."username" = $1 LIMIT $2[0m  [["username", "bob123"], ["LIMIT", 1]]
  ↳ app/models/user.rb:22
  Rendering sessions/new.html.erb within layouts/application
  Rendered sessions/new.html.erb within layouts/application (0.5ms)
  [1m[36mUser Load (0.4ms)[0m  [1m[34mSELECT  "users".* FROM "users" WHERE "users"."session_token" IS NULL LIMIT $1[0m  [["LIMIT", 1]]
  ↳ app/controllers/application_controller.rb:7
Completed 200 OK in 245ms (Views: 17.1ms | ActiveRecord: 0.7ms)


Started POST "/session" for ::1 at 2021-04-12 13:37:47 -0400
Processing by SessionsController#create as HTML
  Parameters: {"authenticity_token"=>"f3C0nAe0xD9c7rIM0eOy7W2UEzcaTSDTerOyT05pHz7SCUSqxIlmLkBE46QVhhCiopBjy6PWGkUL-pr9-DMHmQ", "user"=>{"username"=>"bob123", "password"=>"[FILTERED]"}}
  [1m[36mUser Load (0.3ms)[0m  [1m[34mSELECT  "users".* FROM "users" WHERE "users"."username" = $1 LIMIT $2[0m  [["username", "bob123"], ["LIMIT", 1]]
  ↳ app/models/user.rb:22
  Rendering sessions/new.html.erb within layouts/application
  Rendered sessions/new.html.erb within layouts/application (0.7ms)
  [1m[36mUser Load (0.3ms)[0m  [1m[34mSELECT  "users".* FROM "users" WHERE "users"."session_token" IS NULL LIMIT $1[0m  [["LIMIT", 1]]
  ↳ app/controllers/application_controller.rb:7
Completed 200 OK in 248ms (Views: 17.7ms | ActiveRecord: 0.6ms)


Started POST "/session" for ::1 at 2021-04-12 13:38:18 -0400
Processing by SessionsController#create as HTML
  Parameters: {"authenticity_token"=>"bUavStOkcYXB0HJlt0doUpxAAREzejQmF8V2L6xZ-iDAP198EJnTlN16I81zIsodU0Rx7YrhDrBmjF6dGgPihw", "user"=>{"username"=>"bob123", "password"=>"[FILTERED]"}}
  [1m[36mUser Load (0.2ms)[0m  [1m[34mSELECT  "users".* FROM "users" WHERE "users"."username" = $1 LIMIT $2[0m  [["username", "bob123"], ["LIMIT", 1]]
  ↳ app/models/user.rb:22
  Rendering sessions/new.html.erb within layouts/application
  Rendered sessions/new.html.erb within layouts/application (0.6ms)
  [1m[36mUser Load (0.2ms)[0m  [1m[34mSELECT  "users".* FROM "users" WHERE "users"."session_token" IS NULL LIMIT $1[0m  [["LIMIT", 1]]
  ↳ app/controllers/application_controller.rb:7
Completed 200 OK in 258ms (Views: 18.0ms | ActiveRecord: 5.4ms)


Started GET "/users" for ::1 at 2021-04-12 13:39:27 -0400
Processing by UsersController#index as HTML
  Rendering users/index.html.erb within layouts/application
  [1m[36mUser Load (0.4ms)[0m  [1m[34mSELECT "users".* FROM "users"[0m
  ↳ app/views/users/index.html.erb:5
  Rendered users/index.html.erb within layouts/application (14.4ms)
  [1m[36mUser Load (0.2ms)[0m  [1m[34mSELECT  "users".* FROM "users" WHERE "users"."session_token" IS NULL LIMIT $1[0m  [["LIMIT", 1]]
  ↳ app/controllers/application_controller.rb:7
Completed 200 OK in 42ms (Views: 33.2ms | ActiveRecord: 5.8ms)


Started GET "/users/12" for ::1 at 2021-04-12 13:39:29 -0400
Processing by UsersController#show as HTML
  Parameters: {"id"=>"12"}
  [1m[36mUser Load (0.5ms)[0m  [1m[34mSELECT  "users".* FROM "users" WHERE "users"."id" = $1 LIMIT $2[0m  [["id", 12], ["LIMIT", 1]]
  ↳ app/controllers/users_controller.rb:11
  Rendering users/show.html.erb within layouts/application
  Rendered users/show.html.erb within layouts/application (0.4ms)
  [1m[36mUser Load (0.2ms)[0m  [1m[34mSELECT  "users".* FROM "users" WHERE "users"."session_token" IS NULL LIMIT $1[0m  [["LIMIT", 1]]
  ↳ app/controllers/application_controller.rb:7
Completed 200 OK in 24ms (Views: 21.1ms | ActiveRecord: 0.7ms)


Started GET "/users" for ::1 at 2021-04-12 13:39:35 -0400
Processing by UsersController#index as HTML
  Rendering users/index.html.erb within layouts/application
  [1m[36mUser Load (0.3ms)[0m  [1m[34mSELECT "users".* FROM "users"[0m
  ↳ app/views/users/index.html.erb:5
  Rendered users/index.html.erb within layouts/application (2.2ms)
  [1m[36mUser Load (0.2ms)[0m  [1m[34mSELECT  "users".* FROM "users" WHERE "users"."session_token" IS NULL LIMIT $1[0m  [["LIMIT", 1]]
  ↳ app/controllers/application_controller.rb:7
Completed 200 OK in 23ms (Views: 21.5ms | ActiveRecord: 0.5ms)


Started GET "/users/12" for ::1 at 2021-04-12 13:39:38 -0400
Processing by UsersController#show as HTML
  Parameters: {"id"=>"12"}
  [1m[36mUser Load (0.2ms)[0m  [1m[34mSELECT  "users".* FROM "users" WHERE "users"."id" = $1 LIMIT $2[0m  [["id", 12], ["LIMIT", 1]]
  ↳ app/controllers/users_controller.rb:11
  Rendering users/show.html.erb within layouts/application
  Rendered users/show.html.erb within layouts/application (0.5ms)
  [1m[36mUser Load (0.2ms)[0m  [1m[34mSELECT  "users".* FROM "users" WHERE "users"."session_token" IS NULL LIMIT $1[0m  [["LIMIT", 1]]
  ↳ app/controllers/application_controller.rb:7
Completed 200 OK in 21ms (Views: 18.9ms | ActiveRecord: 0.4ms)


Started GET "/users" for ::1 at 2021-04-12 13:41:30 -0400
Processing by UsersController#index as HTML
  Rendering users/index.html.erb within layouts/application
  [1m[36mUser Load (0.4ms)[0m  [1m[34mSELECT "users".* FROM "users"[0m
  ↳ app/views/users/index.html.erb:5
  Rendered users/index.html.erb within layouts/application (12.5ms)
  [1m[36mUser Load (0.3ms)[0m  [1m[34mSELECT  "users".* FROM "users" WHERE "users"."session_token" IS NULL LIMIT $1[0m  [["LIMIT", 1]]
  ↳ app/controllers/application_controller.rb:7
Completed 200 OK in 34ms (Views: 25.5ms | ActiveRecord: 5.9ms)


Started GET "/users/1" for ::1 at 2021-04-12 13:41:32 -0400
Processing by UsersController#show as HTML
  Parameters: {"id"=>"1"}
  [1m[36mUser Load (0.3ms)[0m  [1m[34mSELECT  "users".* FROM "users" WHERE "users"."session_token" IS NULL LIMIT $1[0m  [["LIMIT", 1]]
  ↳ app/controllers/application_controller.rb:7
Redirected to http://localhost:3000/session/new
Filter chain halted as :ensure_logged_in rendered or redirected
Completed 302 Found in 2ms (ActiveRecord: 0.3ms)


Started GET "/session/new" for ::1 at 2021-04-12 13:41:32 -0400
Processing by SessionsController#new as HTML
  Rendering sessions/new.html.erb within layouts/application
  Rendered sessions/new.html.erb within layouts/application (0.6ms)
  [1m[36mUser Load (0.3ms)[0m  [1m[34mSELECT  "users".* FROM "users" WHERE "users"."session_token" IS NULL LIMIT $1[0m  [["LIMIT", 1]]
  ↳ app/controllers/application_controller.rb:7
Completed 200 OK in 27ms (Views: 24.4ms | ActiveRecord: 0.3ms)


Started POST "/session" for ::1 at 2021-04-12 13:41:39 -0400
Processing by SessionsController#create as HTML
  Parameters: {"authenticity_token"=>"avCDdY6JLmZOzWl5O6iimDkU298AQD3UHl8hABxp-KzHiXNDTbSMd1JnONH_zQDX9hCrI7nbB0JvFgmyqjPgCw", "user"=>{"username"=>"bob123", "password"=>"[FILTERED]"}}
  [1m[36mUser Load (0.5ms)[0m  [1m[34mSELECT  "users".* FROM "users" WHERE "users"."username" = $1 LIMIT $2[0m  [["username", "bob123"], ["LIMIT", 1]]
  ↳ app/models/user.rb:22
  Rendering sessions/new.html.erb within layouts/application
  Rendered sessions/new.html.erb within layouts/application (0.6ms)
  [1m[36mUser Load (0.3ms)[0m  [1m[34mSELECT  "users".* FROM "users" WHERE "users"."session_token" IS NULL LIMIT $1[0m  [["LIMIT", 1]]
  ↳ app/controllers/application_controller.rb:7
Completed 200 OK in 249ms (Views: 17.9ms | ActiveRecord: 0.7ms)


Started POST "/session" for ::1 at 2021-04-12 13:42:19 -0400
Processing by SessionsController#create as HTML
  Parameters: {"authenticity_token"=>"CTl1_Rn48yv08B9Y8oS50Wercz8coX7P_GX0I1cyWvSkQIXL2sVROuhaTvA24RueqK8Dw6U6RFmNLNyR4WhCUw", "user"=>{"username"=>"bob123", "password"=>"[FILTERED]"}}
  [1m[36mUser Load (0.2ms)[0m  [1m[34mSELECT  "users".* FROM "users" WHERE "users"."username" = $1 LIMIT $2[0m  [["username", "bob123"], ["LIMIT", 1]]
  ↳ app/models/user.rb:22
Completed 500 Internal Server Error in 19ms (ActiveRecord: 5.1ms)



NameError - undefined local variable or method `user' for #<Class:0x00007fa4f2019a20>
Did you mean?  @user:
  app/models/user.rb:24:in `find_by_credentials'
  app/controllers/sessions_controller.rb:6:in `create'

Started POST "/__better_errors/4c901a9f921aa29e/variables" for ::1 at 2021-04-12 13:42:19 -0400
Started POST "/session" for ::1 at 2021-04-12 13:42:39 -0400
Processing by SessionsController#create as HTML
  Parameters: {"authenticity_token"=>"CTl1_Rn48yv08B9Y8oS50Wercz8coX7P_GX0I1cyWvSkQIXL2sVROuhaTvA24RueqK8Dw6U6RFmNLNyR4WhCUw", "user"=>{"username"=>"bob123", "password"=>"[FILTERED]"}}
  [1m[36mUser Load (0.3ms)[0m  [1m[34mSELECT  "users".* FROM "users" WHERE "users"."username" = $1 LIMIT $2[0m  [["username", "bob123"], ["LIMIT", 1]]
  ↳ app/models/user.rb:22
  Rendering sessions/new.html.erb within layouts/application
  Rendered sessions/new.html.erb within layouts/application (0.6ms)
  [1m[36mUser Load (0.3ms)[0m  [1m[34mSELECT  "users".* FROM "users" WHERE "users"."session_token" IS NULL LIMIT $1[0m  [["LIMIT", 1]]
  ↳ app/controllers/application_controller.rb:7
Completed 200 OK in 261ms (Views: 19.3ms | ActiveRecord: 5.4ms)


Started POST "/session" for ::1 at 2021-04-12 13:42:44 -0400
Processing by SessionsController#create as HTML
  Parameters: {"authenticity_token"=>"HPzLd4oMG0QX-isHxRmiyDLvC_bKN_kEtrWwxUH0Zm2xhTtBSTG5VQtQeq8BfACH_et7CnOsw5LH_Jh3965-yg", "user"=>{"username"=>"bob123", "password"=>"[FILTERED]"}}
  [1m[36mUser Load (0.6ms)[0m  [1m[34mSELECT  "users".* FROM "users" WHERE "users"."username" = $1 LIMIT $2[0m  [["username", "bob123"], ["LIMIT", 1]]
  ↳ app/models/user.rb:22
  Rendering sessions/new.html.erb within layouts/application
  Rendered sessions/new.html.erb within layouts/application (0.8ms)
  [1m[36mUser Load (0.2ms)[0m  [1m[34mSELECT  "users".* FROM "users" WHERE "users"."session_token" IS NULL LIMIT $1[0m  [["LIMIT", 1]]
  ↳ app/controllers/application_controller.rb:7
Completed 200 OK in 252ms (Views: 22.0ms | ActiveRecord: 0.8ms)


Started POST "/session" for ::1 at 2021-04-12 13:43:59 -0400
Processing by SessionsController#create as HTML
  Parameters: {"authenticity_token"=>"NqCQ_gj-IXR5b_P_A7Z7lRx32drSMnM6T4kxKoDhtBeb2WDIy8ODZWXFolfH09na03OpJmupSaw-wBmYNrussA", "user"=>{"username"=>"bob123", "password"=>"[FILTERED]"}}
  [1m[36mUser Load (0.2ms)[0m  [1m[34mSELECT  "users".* FROM "users" WHERE "users"."username" = $1 LIMIT $2[0m  [["username", "bob123"], ["LIMIT", 1]]
  ↳ app/models/user.rb:22
Redirected to http://localhost:3000/users/12
Completed 302 Found in 245ms (ActiveRecord: 5.0ms)


Started GET "/users/12" for ::1 at 2021-04-12 13:43:59 -0400
Processing by UsersController#show as HTML
  Parameters: {"id"=>"12"}
  [1m[36mUser Load (0.2ms)[0m  [1m[34mSELECT  "users".* FROM "users" WHERE "users"."session_token" = $1 LIMIT $2[0m  [["session_token", "xvfSyd2WjBodQp3BCLtDdg"], ["LIMIT", 1]]
  ↳ app/controllers/application_controller.rb:7
  [1m[36mUser Load (0.2ms)[0m  [1m[34mSELECT  "users".* FROM "users" WHERE "users"."id" = $1 LIMIT $2[0m  [["id", 12], ["LIMIT", 1]]
  ↳ app/controllers/users_controller.rb:11
  Rendering users/show.html.erb within layouts/application
  Rendered users/show.html.erb within layouts/application (0.5ms)
Completed 200 OK in 31ms (Views: 26.3ms | ActiveRecord: 0.4ms)


Started DELETE "/session" for ::1 at 2021-04-12 13:44:04 -0400
Processing by SessionsController#destroy as HTML
  Parameters: {"authenticity_token"=>"Di2fZarBsRJdv2T32qg4a9a5gU9dJdBl_i9gBUvUHwWjVG9TafwTA0EVNV8ezZokGb3xs-S-6vOPZki3_Y4Hog"}
  [1m[36mUser Load (0.4ms)[0m  [1m[34mSELECT  "users".* FROM "users" WHERE "users"."session_token" = $1 LIMIT $2[0m  [["session_token", "xvfSyd2WjBodQp3BCLtDdg"], ["LIMIT", 1]]
  ↳ app/controllers/application_controller.rb:7
  [1m[35m (0.1ms)[0m  [1m[35mBEGIN[0m
  ↳ app/models/user.rb:52
  [1m[36mUser Exists (0.4ms)[0m  [1m[34mSELECT  1 AS one FROM "users" WHERE "users"."username" = $1 AND "users"."id" != $2 LIMIT $3[0m  [["username", "bob123"], ["id", 12], ["LIMIT", 1]]
  ↳ app/models/user.rb:52
  [1m[36mUser Update (0.4ms)[0m  [1m[33mUPDATE "users" SET "session_token" = $1, "updated_at" = $2 WHERE "users"."id" = $3[0m  [["session_token", "9w9ew97VmVAv_UBLUVcJnA"], ["updated_at", "2021-04-12 17:44:04.785870"], ["id", 12]]
  ↳ app/models/user.rb:52
  [1m[35m (0.3ms)[0m  [1m[35mCOMMIT[0m
  ↳ app/models/user.rb:52
Redirected to http://localhost:3000/session/new
Completed 302 Found in 9ms (ActiveRecord: 1.5ms)


Started GET "/session/new" for ::1 at 2021-04-12 13:44:04 -0400
Processing by SessionsController#new as HTML
  Rendering sessions/new.html.erb within layouts/application
  Rendered sessions/new.html.erb within layouts/application (1.1ms)
  [1m[36mUser Load (0.2ms)[0m  [1m[34mSELECT  "users".* FROM "users" WHERE "users"."session_token" IS NULL LIMIT $1[0m  [["LIMIT", 1]]
  ↳ app/controllers/application_controller.rb:7
Completed 200 OK in 29ms (Views: 26.4ms | ActiveRecord: 0.2ms)


Started GET "/session/new" for ::1 at 2021-04-12 13:46:29 -0400
Processing by SessionsController#new as HTML
  Rendering sessions/new.html.erb within layouts/application
  Rendered sessions/new.html.erb within layouts/application (0.9ms)
  [1m[36mUser Load (0.2ms)[0m  [1m[34mSELECT  "users".* FROM "users" WHERE "users"."session_token" IS NULL LIMIT $1[0m  [["LIMIT", 1]]
  ↳ app/controllers/application_controller.rb:7
Completed 500 Internal Server Error in 37ms (ActiveRecord: 0.2ms)



ActionController::UrlGenerationError - No route matches {:action=>"edit", :controller=>"users", :id=>nil}, missing required keys: [:id]:
  app/views/layouts/application.html.erb:23:in `_app_views_layouts_application_html_erb___561281362535653431_70173257506100'

Started POST "/__better_errors/0cbbf6c92d5c09d6/variables" for ::1 at 2021-04-12 13:46:29 -0400
Started GET "/session/new" for ::1 at 2021-04-12 13:46:57 -0400
Processing by SessionsController#new as HTML
  Rendering sessions/new.html.erb within layouts/application
  Rendered sessions/new.html.erb within layouts/application (0.6ms)
  [1m[36mUser Load (0.3ms)[0m  [1m[34mSELECT  "users".* FROM "users" WHERE "users"."session_token" IS NULL LIMIT $1[0m  [["LIMIT", 1]]
  ↳ app/controllers/application_controller.rb:7
  [1m[36mCACHE User Load (0.0ms)[0m  [1m[34mSELECT  "users".* FROM "users" WHERE "users"."session_token" IS NULL LIMIT $1[0m  [["LIMIT", 1]]
  ↳ app/controllers/application_controller.rb:7
Completed 500 Internal Server Error in 22ms (ActiveRecord: 0.3ms)



NoMethodError - undefined method `id' for nil:NilClass:
  app/views/layouts/application.html.erb:23:in `_app_views_layouts_application_html_erb___561281362535653431_70173173913060'

Started POST "/__better_errors/7f69c7117709fd73/variables" for ::1 at 2021-04-12 13:46:58 -0400
Started GET "/session/new" for ::1 at 2021-04-12 13:47:11 -0400
Processing by SessionsController#new as HTML
  Rendering sessions/new.html.erb within layouts/application
  Rendered sessions/new.html.erb within layouts/application (0.9ms)
  [1m[36mUser Load (0.3ms)[0m  [1m[34mSELECT  "users".* FROM "users" WHERE "users"."session_token" IS NULL LIMIT $1[0m  [["LIMIT", 1]]
  ↳ app/controllers/application_controller.rb:7
  [1m[36mCACHE User Load (0.0ms)[0m  [1m[34mSELECT  "users".* FROM "users" WHERE "users"."session_token" IS NULL LIMIT $1[0m  [["LIMIT", 1]]
  ↳ app/controllers/application_controller.rb:7
Completed 500 Internal Server Error in 21ms (ActiveRecord: 0.3ms)



ActionController::UrlGenerationError - No route matches {:action=>"edit", :controller=>"users", :id=>nil}, missing required keys: [:id]:
  app/views/layouts/application.html.erb:23:in `_app_views_layouts_application_html_erb___561281362535653431_70173175972980'

Started POST "/__better_errors/508893f49994d281/variables" for ::1 at 2021-04-12 13:47:11 -0400
Started GET "/session" for ::1 at 2021-04-12 13:47:42 -0400

AbstractController::ActionNotFound - The action 'show' could not be found for SessionsController:

Started POST "/__better_errors/1109460970ae43a2/variables" for ::1 at 2021-04-12 13:47:42 -0400
Started POST "/__better_errors/1109460970ae43a2/variables" for ::1 at 2021-04-12 13:47:43 -0400
Started GET "/users" for ::1 at 2021-04-12 13:47:48 -0400
Processing by UsersController#index as HTML
  Rendering users/index.html.erb within layouts/application
  [1m[36mUser Load (0.3ms)[0m  [1m[34mSELECT "users".* FROM "users"[0m
  ↳ app/views/users/index.html.erb:5
  Rendered users/index.html.erb within layouts/application (1.9ms)
  [1m[36mUser Load (0.2ms)[0m  [1m[34mSELECT  "users".* FROM "users" WHERE "users"."session_token" IS NULL LIMIT $1[0m  [["LIMIT", 1]]
  ↳ app/controllers/application_controller.rb:7
Completed 200 OK in 21ms (Views: 19.7ms | ActiveRecord: 0.4ms)


Started GET "/session/new" for ::1 at 2021-04-12 13:47:54 -0400
Processing by SessionsController#new as HTML
  Rendering sessions/new.html.erb within layouts/application
  Rendered sessions/new.html.erb within layouts/application (0.5ms)
  [1m[36mUser Load (0.3ms)[0m  [1m[34mSELECT  "users".* FROM "users" WHERE "users"."session_token" IS NULL LIMIT $1[0m  [["LIMIT", 1]]
  ↳ app/controllers/application_controller.rb:7
Completed 200 OK in 17ms (Views: 14.5ms | ActiveRecord: 0.3ms)


Started POST "/session" for ::1 at 2021-04-12 13:47:58 -0400
Processing by SessionsController#create as HTML
  Parameters: {"authenticity_token"=>"DSr2nXaUJ7nA2xWi-84Ar-44w-Fh69txp7UlR2cx40KgUwartamFqNxxRAo_q6LgITyzHdhw4efW_A310Wv75Q", "user"=>{"username"=>"bob123", "password"=>"[FILTERED]"}}
  [1m[36mUser Load (0.3ms)[0m  [1m[34mSELECT  "users".* FROM "users" WHERE "users"."username" = $1 LIMIT $2[0m  [["username", "bob123"], ["LIMIT", 1]]
  ↳ app/models/user.rb:22
Redirected to http://localhost:3000/users/12
Completed 302 Found in 227ms (ActiveRecord: 0.3ms)


Started GET "/users/12" for ::1 at 2021-04-12 13:47:58 -0400
Processing by UsersController#show as HTML
  Parameters: {"id"=>"12"}
  [1m[36mUser Load (0.2ms)[0m  [1m[34mSELECT  "users".* FROM "users" WHERE "users"."session_token" = $1 LIMIT $2[0m  [["session_token", "9w9ew97VmVAv_UBLUVcJnA"], ["LIMIT", 1]]
  ↳ app/controllers/application_controller.rb:7
  [1m[36mUser Load (0.3ms)[0m  [1m[34mSELECT  "users".* FROM "users" WHERE "users"."id" = $1 LIMIT $2[0m  [["id", 12], ["LIMIT", 1]]
  ↳ app/controllers/users_controller.rb:11
  Rendering users/show.html.erb within layouts/application
  Rendered users/show.html.erb within layouts/application (0.4ms)
Completed 200 OK in 17ms (Views: 14.7ms | ActiveRecord: 0.5ms)


Started GET "/users/12/edit" for ::1 at 2021-04-12 13:48:14 -0400
Processing by UsersController#edit as HTML
  Parameters: {"id"=>"12"}
  [1m[36mUser Load (0.3ms)[0m  [1m[34mSELECT  "users".* FROM "users" WHERE "users"."id" = $1 LIMIT $2[0m  [["id", 12], ["LIMIT", 1]]
  ↳ app/controllers/users_controller.rb:36
  Rendering users/edit.html.erb within layouts/application
  Rendered users/edit.html.erb within layouts/application (0.7ms)
  [1m[36mUser Load (0.3ms)[0m  [1m[34mSELECT  "users".* FROM "users" WHERE "users"."session_token" = $1 LIMIT $2[0m  [["session_token", "9w9ew97VmVAv_UBLUVcJnA"], ["LIMIT", 1]]
  ↳ app/controllers/application_controller.rb:7
Completed 200 OK in 21ms (Views: 19.5ms | ActiveRecord: 0.5ms)


Started PATCH "/users/12" for ::1 at 2021-04-12 13:48:22 -0400
Processing by UsersController#update as HTML
  Parameters: {"authenticity_token"=>"OpxkunbnnCsXSLmdn6z3wuTBKiTKm0oZ5da5Aa5NPKyX5ZSMtdo-Ogvi6DVbyVWNK8Va2HMAcI-Un5GzGBckCw", "user"=>{"username"=>"bob1234", "password"=>"[FILTERED]"}, "id"=>"12"}
  [1m[36mUser Load (0.2ms)[0m  [1m[34mSELECT  "users".* FROM "users" WHERE "users"."id" = $1 LIMIT $2[0m  [["id", 12], ["LIMIT", 1]]
  ↳ app/controllers/users_controller.rb:42
  [1m[35m (0.1ms)[0m  [1m[35mBEGIN[0m
  ↳ app/controllers/users_controller.rb:44
  [1m[36mUser Exists (0.4ms)[0m  [1m[34mSELECT  1 AS one FROM "users" WHERE "users"."username" = $1 AND "users"."id" != $2 LIMIT $3[0m  [["username", "bob1234"], ["id", 12], ["LIMIT", 1]]
  ↳ app/controllers/users_controller.rb:44
  [1m[36mUser Update (0.4ms)[0m  [1m[33mUPDATE "users" SET "username" = $1, "password_digest" = $2, "updated_at" = $3 WHERE "users"."id" = $4[0m  [["username", "bob1234"], ["password_digest", "$2a$12$GxbrqfqG8PBSwndirSwIi.TcwHAYjYUqxfDHHt7G72TroRuxqkDgG"], ["updated_at", "2021-04-12 17:48:23.225507"], ["id", 12]]
  ↳ app/controllers/users_controller.rb:44
  [1m[35m (2.1ms)[0m  [1m[35mCOMMIT[0m
  ↳ app/controllers/users_controller.rb:44
  Rendering users/index.html.erb within layouts/application
  Rendered users/index.html.erb within layouts/application (0.5ms)
  [1m[36mUser Load (0.2ms)[0m  [1m[34mSELECT  "users".* FROM "users" WHERE "users"."session_token" = $1 LIMIT $2[0m  [["session_token", "9w9ew97VmVAv_UBLUVcJnA"], ["LIMIT", 1]]
  ↳ app/controllers/application_controller.rb:7
Completed 200 OK in 251ms (Views: 16.5ms | ActiveRecord: 3.5ms)


Started GET "/users/12" for ::1 at 2021-04-12 13:48:52 -0400
Processing by UsersController#show as HTML
  Parameters: {"id"=>"12"}
  [1m[36mUser Load (0.2ms)[0m  [1m[34mSELECT  "users".* FROM "users" WHERE "users"."session_token" = $1 LIMIT $2[0m  [["session_token", "9w9ew97VmVAv_UBLUVcJnA"], ["LIMIT", 1]]
  ↳ app/controllers/application_controller.rb:7
  [1m[36mUser Load (0.2ms)[0m  [1m[34mSELECT  "users".* FROM "users" WHERE "users"."id" = $1 LIMIT $2[0m  [["id", 12], ["LIMIT", 1]]
  ↳ app/controllers/users_controller.rb:11
  Rendering users/show.html.erb within layouts/application
  Rendered users/show.html.erb within layouts/application (0.4ms)
Completed 200 OK in 30ms (Views: 16.6ms | ActiveRecord: 6.2ms)


Started GET "/users/12/edit" for ::1 at 2021-04-12 13:48:55 -0400
Processing by UsersController#edit as HTML
  Parameters: {"id"=>"12"}
  [1m[36mUser Load (0.5ms)[0m  [1m[34mSELECT  "users".* FROM "users" WHERE "users"."id" = $1 LIMIT $2[0m  [["id", 12], ["LIMIT", 1]]
  ↳ app/controllers/users_controller.rb:36
  Rendering users/edit.html.erb within layouts/application
  Rendered users/edit.html.erb within layouts/application (0.9ms)
  [1m[36mUser Load (0.2ms)[0m  [1m[34mSELECT  "users".* FROM "users" WHERE "users"."session_token" = $1 LIMIT $2[0m  [["session_token", "9w9ew97VmVAv_UBLUVcJnA"], ["LIMIT", 1]]
  ↳ app/controllers/application_controller.rb:7
Completed 200 OK in 28ms (Views: 25.8ms | ActiveRecord: 0.8ms)


Started PATCH "/users/12" for ::1 at 2021-04-12 13:49:00 -0400
Processing by UsersController#update as HTML
  Parameters: {"authenticity_token"=>"u3ceaFVGrolbjxKT-kxiqLxTkjpI2pgruB6QJisxvCEWDu5elnsMmEclQzs-KcDnc1fixvFBor3JV7iUnWukhg", "user"=>{"username"=>"bob123", "password"=>"[FILTERED]"}, "id"=>"12"}
  [1m[36mUser Load (0.2ms)[0m  [1m[34mSELECT  "users".* FROM "users" WHERE "users"."id" = $1 LIMIT $2[0m  [["id", 12], ["LIMIT", 1]]
  ↳ app/controllers/users_controller.rb:42
  [1m[35m (0.1ms)[0m  [1m[35mBEGIN[0m
  ↳ app/controllers/users_controller.rb:44
  [1m[36mUser Exists (0.4ms)[0m  [1m[34mSELECT  1 AS one FROM "users" WHERE "users"."username" = $1 AND "users"."id" != $2 LIMIT $3[0m  [["username", "bob123"], ["id", 12], ["LIMIT", 1]]
  ↳ app/controllers/users_controller.rb:44
  [1m[36mUser Update (0.4ms)[0m  [1m[33mUPDATE "users" SET "username" = $1, "password_digest" = $2, "updated_at" = $3 WHERE "users"."id" = $4[0m  [["username", "bob123"], ["password_digest", "$2a$12$S1UD27LlaIqELVPIh3FH8.IT5mZBXnxLkPKdOquGnEKBPrQkgiqoO"], ["updated_at", "2021-04-12 17:49:00.822605"], ["id", 12]]
  ↳ app/controllers/users_controller.rb:44
  [1m[35m (2.0ms)[0m  [1m[35mCOMMIT[0m
  ↳ app/controllers/users_controller.rb:44
  Rendering users/index.html.erb within layouts/application
  Rendered users/index.html.erb within layouts/application (0.4ms)
  [1m[36mUser Load (0.3ms)[0m  [1m[34mSELECT  "users".* FROM "users" WHERE "users"."session_token" = $1 LIMIT $2[0m  [["session_token", "9w9ew97VmVAv_UBLUVcJnA"], ["LIMIT", 1]]
  ↳ app/controllers/application_controller.rb:7
Completed 200 OK in 252ms (Views: 17.7ms | ActiveRecord: 3.4ms)


Started GET "/users/12" for ::1 at 2021-04-12 13:49:27 -0400
Processing by UsersController#show as HTML
  Parameters: {"id"=>"12"}
  [1m[36mUser Load (0.3ms)[0m  [1m[34mSELECT  "users".* FROM "users" WHERE "users"."session_token" = $1 LIMIT $2[0m  [["session_token", "9w9ew97VmVAv_UBLUVcJnA"], ["LIMIT", 1]]
  ↳ app/controllers/application_controller.rb:7
  [1m[36mUser Load (0.2ms)[0m  [1m[34mSELECT  "users".* FROM "users" WHERE "users"."id" = $1 LIMIT $2[0m  [["id", 12], ["LIMIT", 1]]
  ↳ app/controllers/users_controller.rb:11
  Rendering users/show.html.erb within layouts/application
  Rendered users/show.html.erb within layouts/application (0.7ms)
Completed 200 OK in 31ms (Views: 16.3ms | ActiveRecord: 5.6ms)


Started GET "/users/12/edit" for ::1 at 2021-04-12 13:49:29 -0400
Processing by UsersController#edit as HTML
  Parameters: {"id"=>"12"}
  [1m[36mUser Load (0.2ms)[0m  [1m[34mSELECT  "users".* FROM "users" WHERE "users"."id" = $1 LIMIT $2[0m  [["id", 12], ["LIMIT", 1]]
  ↳ app/controllers/users_controller.rb:36
  Rendering users/edit.html.erb within layouts/application
  Rendered users/edit.html.erb within layouts/application (0.8ms)
  [1m[36mUser Load (0.2ms)[0m  [1m[34mSELECT  "users".* FROM "users" WHERE "users"."session_token" = $1 LIMIT $2[0m  [["session_token", "9w9ew97VmVAv_UBLUVcJnA"], ["LIMIT", 1]]
  ↳ app/controllers/application_controller.rb:7
Completed 200 OK in 22ms (Views: 19.7ms | ActiveRecord: 0.4ms)


Started PATCH "/users/12" for ::1 at 2021-04-12 13:49:33 -0400
Processing by UsersController#update as HTML
  Parameters: {"authenticity_token"=>"y-f8AMcpqH11cF_vSavrMfe_N_BvkvpwN1BIsVBbYRNmngw2BBQKbGnaDkeNzkl-OLtHDNYJwOZGGWAD5gF5tA", "user"=>{"username"=>"bob1234", "password"=>"[FILTERED]"}, "id"=>"12"}
  [1m[36mUser Load (0.4ms)[0m  [1m[34mSELECT  "users".* FROM "users" WHERE "users"."id" = $1 LIMIT $2[0m  [["id", 12], ["LIMIT", 1]]
  ↳ app/controllers/users_controller.rb:42
  [1m[35m (0.1ms)[0m  [1m[35mBEGIN[0m
  ↳ app/controllers/users_controller.rb:44
  [1m[36mUser Exists (0.4ms)[0m  [1m[34mSELECT  1 AS one FROM "users" WHERE "users"."username" = $1 AND "users"."id" != $2 LIMIT $3[0m  [["username", "bob1234"], ["id", 12], ["LIMIT", 1]]
  ↳ app/controllers/users_controller.rb:44
  [1m[36mUser Update (0.4ms)[0m  [1m[33mUPDATE "users" SET "username" = $1, "password_digest" = $2, "updated_at" = $3 WHERE "users"."id" = $4[0m  [["username", "bob1234"], ["password_digest", "$2a$12$bgOmV/ryhHk0Mo4lK1u/fOGpw5v2wOUcM2fhnxT/6nzJKXlfI3IsS"], ["updated_at", "2021-04-12 17:49:33.858558"], ["id", 12]]
  ↳ app/controllers/users_controller.rb:44
  [1m[35m (2.0ms)[0m  [1m[35mCOMMIT[0m
  ↳ app/controllers/users_controller.rb:44
Redirected to http://localhost:3000/users
Completed 302 Found in 234ms (ActiveRecord: 3.3ms)


Started GET "/users" for ::1 at 2021-04-12 13:49:33 -0400
Processing by UsersController#index as HTML
  Rendering users/index.html.erb within layouts/application
  [1m[36mUser Load (0.3ms)[0m  [1m[34mSELECT "users".* FROM "users"[0m
  ↳ app/views/users/index.html.erb:5
  Rendered users/index.html.erb within layouts/application (2.0ms)
  [1m[36mUser Load (0.2ms)[0m  [1m[34mSELECT  "users".* FROM "users" WHERE "users"."session_token" = $1 LIMIT $2[0m  [["session_token", "9w9ew97VmVAv_UBLUVcJnA"], ["LIMIT", 1]]
  ↳ app/controllers/application_controller.rb:7
Completed 200 OK in 19ms (Views: 17.8ms | ActiveRecord: 0.5ms)


Started GET "/users/12" for ::1 at 2021-04-12 13:49:37 -0400
Processing by UsersController#show as HTML
  Parameters: {"id"=>"12"}
  [1m[36mUser Load (0.3ms)[0m  [1m[34mSELECT  "users".* FROM "users" WHERE "users"."session_token" = $1 LIMIT $2[0m  [["session_token", "9w9ew97VmVAv_UBLUVcJnA"], ["LIMIT", 1]]
  ↳ app/controllers/application_controller.rb:7
  [1m[36mUser Load (0.4ms)[0m  [1m[34mSELECT  "users".* FROM "users" WHERE "users"."id" = $1 LIMIT $2[0m  [["id", 12], ["LIMIT", 1]]
  ↳ app/controllers/users_controller.rb:11
  Rendering users/show.html.erb within layouts/application
  Rendered users/show.html.erb within layouts/application (0.8ms)
Completed 200 OK in 24ms (Views: 21.0ms | ActiveRecord: 0.7ms)


Started GET "/users/12/edit" for ::1 at 2021-04-12 13:49:49 -0400
Processing by UsersController#edit as HTML
  Parameters: {"id"=>"12"}
  [1m[36mUser Load (0.2ms)[0m  [1m[34mSELECT  "users".* FROM "users" WHERE "users"."id" = $1 LIMIT $2[0m  [["id", 12], ["LIMIT", 1]]
  ↳ app/controllers/users_controller.rb:36
  Rendering users/edit.html.erb within layouts/application
  Rendered users/edit.html.erb within layouts/application (0.6ms)
  [1m[36mUser Load (0.2ms)[0m  [1m[34mSELECT  "users".* FROM "users" WHERE "users"."session_token" = $1 LIMIT $2[0m  [["session_token", "9w9ew97VmVAv_UBLUVcJnA"], ["LIMIT", 1]]
  ↳ app/controllers/application_controller.rb:7
Completed 200 OK in 38ms (Views: 22.9ms | ActiveRecord: 5.3ms)


Started PATCH "/users/12" for ::1 at 2021-04-12 13:49:54 -0400
Processing by UsersController#update as HTML
  Parameters: {"authenticity_token"=>"TXbEmgbU9YY6CASVuOtDPu1lob8jB3bEngKWJpcpByzgDzSsxelXlyaiVT18juFxImHRQ5qcTFLvS76UIXMfiw", "user"=>{"username"=>"bob123", "password"=>"[FILTERED]"}, "id"=>"12"}
  [1m[36mUser Load (0.2ms)[0m  [1m[34mSELECT  "users".* FROM "users" WHERE "users"."id" = $1 LIMIT $2[0m  [["id", 12], ["LIMIT", 1]]
  ↳ app/controllers/users_controller.rb:42
  [1m[35m (0.1ms)[0m  [1m[35mBEGIN[0m
  ↳ app/controllers/users_controller.rb:44
  [1m[36mUser Exists (0.5ms)[0m  [1m[34mSELECT  1 AS one FROM "users" WHERE "users"."username" = $1 AND "users"."id" != $2 LIMIT $3[0m  [["username", "bob123"], ["id", 12], ["LIMIT", 1]]
  ↳ app/controllers/users_controller.rb:44
  [1m[36mUser Update (0.4ms)[0m  [1m[33mUPDATE "users" SET "username" = $1, "password_digest" = $2, "updated_at" = $3 WHERE "users"."id" = $4[0m  [["username", "bob123"], ["password_digest", "$2a$12$WkQSH829Gzjk9YElv8dUTuW95cL0hOlog4JMsv97vux7pWsCzfdOO"], ["updated_at", "2021-04-12 17:49:54.433196"], ["id", 12]]
  ↳ app/controllers/users_controller.rb:44
  [1m[35m (0.3ms)[0m  [1m[35mCOMMIT[0m
  ↳ app/controllers/users_controller.rb:44
Redirected to http://localhost:3000/users/12
Completed 302 Found in 232ms (ActiveRecord: 1.6ms)


Started GET "/users/12" for ::1 at 2021-04-12 13:49:54 -0400
Processing by UsersController#show as HTML
  Parameters: {"id"=>"12"}
  [1m[36mUser Load (0.2ms)[0m  [1m[34mSELECT  "users".* FROM "users" WHERE "users"."session_token" = $1 LIMIT $2[0m  [["session_token", "9w9ew97VmVAv_UBLUVcJnA"], ["LIMIT", 1]]
  ↳ app/controllers/application_controller.rb:7
  [1m[36mUser Load (0.2ms)[0m  [1m[34mSELECT  "users".* FROM "users" WHERE "users"."id" = $1 LIMIT $2[0m  [["id", 12], ["LIMIT", 1]]
  ↳ app/controllers/users_controller.rb:11
  Rendering users/show.html.erb within layouts/application
  Rendered users/show.html.erb within layouts/application (0.6ms)
Completed 200 OK in 18ms (Views: 16.2ms | ActiveRecord: 0.5ms)


Started DELETE "/session" for ::1 at 2021-04-12 13:49:58 -0400
Processing by SessionsController#destroy as HTML
  Parameters: {"authenticity_token"=>"eqbPYE0YdXG_lkYfhWQIbjBiZFDyiPf7mho4jXBwc5nX3z9WjiXXYKM8F7dBAaoh_2YUrEsTzW3rUxA_xiprPg"}
  [1m[36mUser Load (0.2ms)[0m  [1m[34mSELECT  "users".* FROM "users" WHERE "users"."session_token" = $1 LIMIT $2[0m  [["session_token", "9w9ew97VmVAv_UBLUVcJnA"], ["LIMIT", 1]]
  ↳ app/controllers/application_controller.rb:7
  [1m[35m (0.1ms)[0m  [1m[35mBEGIN[0m
  ↳ app/models/user.rb:52
  [1m[36mUser Exists (0.3ms)[0m  [1m[34mSELECT  1 AS one FROM "users" WHERE "users"."username" = $1 AND "users"."id" != $2 LIMIT $3[0m  [["username", "bob123"], ["id", 12], ["LIMIT", 1]]
  ↳ app/models/user.rb:52
  [1m[36mUser Update (0.4ms)[0m  [1m[33mUPDATE "users" SET "session_token" = $1, "updated_at" = $2 WHERE "users"."id" = $3[0m  [["session_token", "L_DYxUDAMBhTzIXXVPPwog"], ["updated_at", "2021-04-12 17:49:58.072611"], ["id", 12]]
  ↳ app/models/user.rb:52
  [1m[35m (0.4ms)[0m  [1m[35mCOMMIT[0m
  ↳ app/models/user.rb:52
Redirected to http://localhost:3000/session/new
Completed 302 Found in 6ms (ActiveRecord: 1.3ms)


Started GET "/session/new" for ::1 at 2021-04-12 13:49:58 -0400
Processing by SessionsController#new as HTML
  Rendering sessions/new.html.erb within layouts/application
  Rendered sessions/new.html.erb within layouts/application (1.0ms)
  [1m[36mUser Load (0.2ms)[0m  [1m[34mSELECT  "users".* FROM "users" WHERE "users"."session_token" IS NULL LIMIT $1[0m  [["LIMIT", 1]]
  ↳ app/controllers/application_controller.rb:7
Completed 200 OK in 20ms (Views: 18.3ms | ActiveRecord: 0.2ms)


Started POST "/session" for ::1 at 2021-04-12 13:50:03 -0400
Processing by SessionsController#create as HTML
  Parameters: {"authenticity_token"=>"puIzOj-zHD_aJGIdvHZavwlShLsMib29ZHGa4YwRn2ULm8MM_I6-LsaOM7V4E_jwxlb0R7UShysVOLJTOkuHwg", "user"=>{"username"=>"bob123", "password"=>"[FILTERED]"}}
  [1m[36mUser Load (0.4ms)[0m  [1m[34mSELECT  "users".* FROM "users" WHERE "users"."username" = $1 LIMIT $2[0m  [["username", "bob123"], ["LIMIT", 1]]
  ↳ app/models/user.rb:22
Redirected to http://localhost:3000/users/12
Completed 302 Found in 227ms (ActiveRecord: 0.4ms)


Started GET "/users/12" for ::1 at 2021-04-12 13:50:03 -0400
Processing by UsersController#show as HTML
  Parameters: {"id"=>"12"}
  [1m[36mUser Load (0.3ms)[0m  [1m[34mSELECT  "users".* FROM "users" WHERE "users"."session_token" = $1 LIMIT $2[0m  [["session_token", "L_DYxUDAMBhTzIXXVPPwog"], ["LIMIT", 1]]
  ↳ app/controllers/application_controller.rb:7
  [1m[36mUser Load (0.1ms)[0m  [1m[34mSELECT  "users".* FROM "users" WHERE "users"."id" = $1 LIMIT $2[0m  [["id", 12], ["LIMIT", 1]]
  ↳ app/controllers/users_controller.rb:11
  Rendering users/show.html.erb within layouts/application
  Rendered users/show.html.erb within layouts/application (0.6ms)
Completed 200 OK in 16ms (Views: 14.5ms | ActiveRecord: 0.4ms)


Started DELETE "/session" for ::1 at 2021-04-12 13:50:12 -0400
Processing by SessionsController#destroy as HTML
  Parameters: {"authenticity_token"=>"hKR93Hv_w2tmQmV88Nk65Xj-Ox-CzO773ij9Uma9IuUp3Y3quMJhenroNNQ0vJiqt_pL4ztX1G2vYdXg0Oc6Qg"}
  [1m[36mUser Load (0.4ms)[0m  [1m[34mSELECT  "users".* FROM "users" WHERE "users"."session_token" = $1 LIMIT $2[0m  [["session_token", "L_DYxUDAMBhTzIXXVPPwog"], ["LIMIT", 1]]
  ↳ app/controllers/application_controller.rb:7
  [1m[35m (0.1ms)[0m  [1m[35mBEGIN[0m
  ↳ app/models/user.rb:52
  [1m[36mUser Exists (0.4ms)[0m  [1m[34mSELECT  1 AS one FROM "users" WHERE "users"."username" = $1 AND "users"."id" != $2 LIMIT $3[0m  [["username", "bob123"], ["id", 12], ["LIMIT", 1]]
  ↳ app/models/user.rb:52
  [1m[36mUser Update (0.5ms)[0m  [1m[33mUPDATE "users" SET "session_token" = $1, "updated_at" = $2 WHERE "users"."id" = $3[0m  [["session_token", "xvm31e8CHgL4EpQ7FNc3Gg"], ["updated_at", "2021-04-12 17:50:12.709349"], ["id", 12]]
  ↳ app/models/user.rb:52
  [1m[35m (0.3ms)[0m  [1m[35mCOMMIT[0m
  ↳ app/models/user.rb:52
Redirected to http://localhost:3000/session/new
Completed 302 Found in 6ms (ActiveRecord: 1.7ms)


Started GET "/session/new" for ::1 at 2021-04-12 13:50:12 -0400
Processing by SessionsController#new as HTML
  Rendering sessions/new.html.erb within layouts/application
  Rendered sessions/new.html.erb within layouts/application (0.6ms)
  [1m[36mUser Load (0.2ms)[0m  [1m[34mSELECT  "users".* FROM "users" WHERE "users"."session_token" IS NULL LIMIT $1[0m  [["LIMIT", 1]]
  ↳ app/controllers/application_controller.rb:7
Completed 200 OK in 19ms (Views: 16.4ms | ActiveRecord: 0.2ms)


Started GET "/users/new" for ::1 at 2021-04-12 13:50:15 -0400
Processing by UsersController#new as HTML
  Rendering users/new.html.erb within layouts/application
  Rendered users/new.html.erb within layouts/application (0.7ms)
  [1m[36mUser Load (0.2ms)[0m  [1m[34mSELECT  "users".* FROM "users" WHERE "users"."session_token" IS NULL LIMIT $1[0m  [["LIMIT", 1]]
  ↳ app/controllers/application_controller.rb:7
Completed 200 OK in 20ms (Views: 19.1ms | ActiveRecord: 0.2ms)


  [1m[35m (0.2ms)[0m  [1m[34mSELECT pg_try_advisory_lock(3324484780821388905)[0m
  ↳ bin/rails:9
  [1m[35m (0.7ms)[0m  [1m[34mSELECT "schema_migrations"."version" FROM "schema_migrations" ORDER BY "schema_migrations"."version" ASC[0m
  ↳ bin/rails:9
Migrating to CreateSubs (20210412180322)
  [1m[35m (0.1ms)[0m  [1m[35mBEGIN[0m
  ↳ bin/rails:9
  [1m[35m (8.4ms)[0m  [1m[35mCREATE TABLE "subs" ("id" bigserial primary key, "title" character varying NOT NULL, "description" character varying NOT NULL, "moderator_id" integer NOT NULL, "created_at" timestamp NOT NULL, "updated_at" timestamp NOT NULL)[0m
  ↳ db/migrate/20210412180322_create_subs.rb:3
  [1m[36mActiveRecord::SchemaMigration Create (0.5ms)[0m  [1m[32mINSERT INTO "schema_migrations" ("version") VALUES ($1) RETURNING "version"[0m  [["version", "20210412180322"]]
  ↳ bin/rails:9
  [1m[35m (0.6ms)[0m  [1m[35mCOMMIT[0m
  ↳ bin/rails:9
  [1m[36mActiveRecord::InternalMetadata Load (0.3ms)[0m  [1m[34mSELECT  "ar_internal_metadata".* FROM "ar_internal_metadata" WHERE "ar_internal_metadata"."key" = $1 LIMIT $2[0m  [["key", "environment"], ["LIMIT", 1]]
  ↳ bin/rails:9
  [1m[35m (0.1ms)[0m  [1m[35mBEGIN[0m
  ↳ bin/rails:9
  [1m[35m (0.1ms)[0m  [1m[35mCOMMIT[0m
  ↳ bin/rails:9
  [1m[35m (0.2ms)[0m  [1m[34mSELECT pg_advisory_unlock(3324484780821388905)[0m
  ↳ bin/rails:9
  [1m[35m (0.2ms)[0m  [1m[34mSELECT "schema_migrations"."version" FROM "schema_migrations" ORDER BY "schema_migrations"."version" ASC[0m
  ↳ bin/rails:9
  [1m[35m (0.7ms)[0m  [1m[34mSELECT "schema_migrations"."version" FROM "schema_migrations" ORDER BY "schema_migrations"."version" ASC[0m
  ↳ /Users/evanleon/.rbenv/versions/2.5.1/bin/annotate:23
Started POST "/users" for ::1 at 2021-04-12 14:35:09 -0400
  [1m[35m (0.7ms)[0m  [1m[34mSELECT "schema_migrations"."version" FROM "schema_migrations" ORDER BY "schema_migrations"."version" ASC[0m
  ↳ /Users/evanleon/.rbenv/versions/2.5.1/lib/ruby/gems/2.5.0/gems/activerecord-5.2.5/lib/active_record/log_subscriber.rb:98
Processing by UsersController#create as HTML
  Parameters: {"authenticity_token"=>"TViLkdUdzWOfLRETmx2RfESeWnJuEiy_8sg6IAhZjdPgIXunFiBvcoOHQLtfeDMzi5oqjteJFimDgRKSvgOVdA", "user"=>{"username"=>"ev", "password"=>"[FILTERED]"}}
  [1m[35m (0.2ms)[0m  [1m[35mBEGIN[0m
  ↳ app/controllers/users_controller.rb:25
  [1m[36mUser Exists (1.0ms)[0m  [1m[34mSELECT  1 AS one FROM "users" WHERE "users"."username" = $1 LIMIT $2[0m  [["username", "ev"], ["LIMIT", 1]]
  ↳ app/controllers/users_controller.rb:25
  [1m[36mUser Create (2.7ms)[0m  [1m[32mINSERT INTO "users" ("username", "password_digest", "session_token", "created_at", "updated_at") VALUES ($1, $2, $3, $4, $5) RETURNING "id"[0m  [["username", "ev"], ["password_digest", "$2a$12$w0Pi/.jguEyTTGkPeBslI.VqPnObwz24ZwVYUIv41BSfmzCGdRvzi"], ["session_token", "XpIyqzGQSVaIe874N8kNKA"], ["created_at", "2021-04-12 18:35:09.972399"], ["updated_at", "2021-04-12 18:35:09.972399"]]
  ↳ app/controllers/users_controller.rb:25
  [1m[35m (0.8ms)[0m  [1m[35mCOMMIT[0m
  ↳ app/controllers/users_controller.rb:25
Redirected to http://localhost:3000/users
Completed 302 Found in 249ms (ActiveRecord: 11.9ms)


Started GET "/users" for ::1 at 2021-04-12 14:35:09 -0400
Processing by UsersController#index as HTML
  Rendering users/index.html.erb within layouts/application
  [1m[36mUser Load (0.3ms)[0m  [1m[34mSELECT "users".* FROM "users"[0m
  ↳ app/views/users/index.html.erb:5
  Rendered users/index.html.erb within layouts/application (2.1ms)
  [1m[36mUser Load (0.3ms)[0m  [1m[34mSELECT  "users".* FROM "users" WHERE "users"."session_token" = $1 LIMIT $2[0m  [["session_token", "XpIyqzGQSVaIe874N8kNKA"], ["LIMIT", 1]]
  ↳ app/controllers/application_controller.rb:7
Completed 200 OK in 29ms (Views: 27.3ms | ActiveRecord: 0.8ms)


Started GET "/users/13" for ::1 at 2021-04-12 14:35:19 -0400
Processing by UsersController#show as HTML
  Parameters: {"id"=>"13"}
  [1m[36mUser Load (0.4ms)[0m  [1m[34mSELECT  "users".* FROM "users" WHERE "users"."session_token" = $1 LIMIT $2[0m  [["session_token", "XpIyqzGQSVaIe874N8kNKA"], ["LIMIT", 1]]
  ↳ app/controllers/application_controller.rb:7
  [1m[36mUser Load (0.4ms)[0m  [1m[34mSELECT  "users".* FROM "users" WHERE "users"."id" = $1 LIMIT $2[0m  [["id", 13], ["LIMIT", 1]]
  ↳ app/controllers/users_controller.rb:11
  Rendering users/show.html.erb within layouts/application
  Rendered users/show.html.erb within layouts/application (0.8ms)
Completed 200 OK in 22ms (Views: 17.8ms | ActiveRecord: 0.8ms)


